28-09-2020 22:32:14.625 [35m[main][0;39m [34mINFO [0;39m i.f.tasks.taskapi.Application.logStarting - Starting Application on francesco-HP-Laptop-15s-fq0xxx with PID 9777 (/home/francesco/workspace/tasks/task-api/build/libs/task-api-1.0-SNAPSHOT.jar started by francesco in /home/francesco/workspace/tasks)
28-09-2020 22:32:14.625 [35m[main][0;39m [34mINFO [0;39m i.f.tasks.taskapi.Application.logStarting - Starting Application on francesco-HP-Laptop-15s-fq0xxx with PID 9777 (/home/francesco/workspace/tasks/task-api/build/libs/task-api-1.0-SNAPSHOT.jar started by francesco in /home/francesco/workspace/tasks)
28-09-2020 22:32:14.628 [35m[main][0;39m [39mDEBUG[0;39m i.f.tasks.taskapi.Application.logStarting - Running with Spring Boot v2.3.1.RELEASE, Spring v5.2.7.RELEASE
28-09-2020 22:32:14.628 [35m[main][0;39m [39mDEBUG[0;39m i.f.tasks.taskapi.Application.logStarting - Running with Spring Boot v2.3.1.RELEASE, Spring v5.2.7.RELEASE
28-09-2020 22:32:14.629 [35m[main][0;39m [34mINFO [0;39m i.f.tasks.taskapi.Application.logStartupProfileInfo - The following profiles are active: dev
28-09-2020 22:32:14.629 [35m[main][0;39m [34mINFO [0;39m i.f.tasks.taskapi.Application.logStartupProfileInfo - The following profiles are active: dev
28-09-2020 22:32:14.696 [35m[main][0;39m [34mINFO [0;39m o.s.b.d.e.DevToolsPropertyDefaultsPostProcessor.logTo - For additional web related logging consider setting the 'logging.level.web' property to 'DEBUG'
28-09-2020 22:32:15.386 [35m[main][0;39m [34mINFO [0;39m o.s.d.r.c.RepositoryConfigurationDelegate.registerRepositoriesIn - Bootstrapping Spring Data MongoDB repositories in DEFAULT mode.
28-09-2020 22:32:15.428 [35m[main][0;39m [34mINFO [0;39m o.s.d.r.c.RepositoryConfigurationDelegate.registerRepositoriesIn - Finished Spring Data repository scanning in 38ms. Found 1 MongoDB repository interfaces.
28-09-2020 22:32:16.181 [35m[main][0;39m [34mINFO [0;39m o.s.b.w.e.tomcat.TomcatWebServer.initialize - Tomcat initialized with port(s): 8081 (http)
28-09-2020 22:32:16.197 [35m[main][0;39m [34mINFO [0;39m o.a.coyote.http11.Http11NioProtocol.log - Initializing ProtocolHandler ["http-nio-8081"]
28-09-2020 22:32:16.198 [35m[main][0;39m [34mINFO [0;39m o.a.catalina.core.StandardService.log - Starting service [Tomcat]
28-09-2020 22:32:16.198 [35m[main][0;39m [34mINFO [0;39m o.a.catalina.core.StandardEngine.log - Starting Servlet engine: [Apache Tomcat/9.0.36]
28-09-2020 22:32:16.274 [35m[main][0;39m [34mINFO [0;39m o.a.c.c.C.[.[localhost].[/tasks-api].log - Initializing Spring embedded WebApplicationContext
28-09-2020 22:32:16.274 [35m[main][0;39m [34mINFO [0;39m o.s.b.w.s.c.ServletWebServerApplicationContext.prepareWebApplicationContext - Root WebApplicationContext: initialization completed in 1578 ms
28-09-2020 22:32:16.451 [35m[main][0;39m [34mINFO [0;39m org.mongodb.driver.cluster.info - Cluster created with settings {hosts=[localhost:27017], mode=SINGLE, requiredClusterType=UNKNOWN, serverSelectionTimeout='30000 ms'}
28-09-2020 22:32:16.517 [35m[cluster-ClusterId{value='5f72566007ba1a5e1cb073ef', description='null'}-localhost:27017][0;39m [34mINFO [0;39m org.mongodb.driver.connection.info - Opened connection [connectionId{localValue:1, serverValue:1}] to localhost:27017
28-09-2020 22:32:16.524 [35m[cluster-ClusterId{value='5f72566007ba1a5e1cb073ef', description='null'}-localhost:27017][0;39m [34mINFO [0;39m org.mongodb.driver.cluster.info - Monitor thread successfully connected to server with description ServerDescription{address=localhost:27017, type=STANDALONE, state=CONNECTED, ok=true, minWireVersion=0, maxWireVersion=8, maxDocumentSize=16777216, logicalSessionTimeoutMinutes=30, roundTripTimeNanos=3531132}
28-09-2020 22:32:16.722 [35m[main][0;39m [34mINFO [0;39m o.m.p.jms.JmsPoolConnectionFactory.setConnectionFactory - Provided ConnectionFactory implementation is JMS 2.0+ capable.
28-09-2020 22:32:16.981 [35m[main][0;39m [34mINFO [0;39m o.s.s.c.ThreadPoolTaskExecutor.initialize - Initializing ExecutorService 'applicationTaskExecutor'
28-09-2020 22:32:17.691 [35m[main][0;39m [34mINFO [0;39m o.s.s.web.DefaultSecurityFilterChain.<init> - Creating filter chain: any request, [org.springframework.security.web.context.request.async.WebAsyncManagerIntegrationFilter@21c7208d, org.springframework.security.web.context.SecurityContextPersistenceFilter@3659d7b1, org.springframework.security.web.header.HeaderWriterFilter@6b0615ae, org.springframework.security.web.authentication.logout.LogoutFilter@3ffb3598, org.springframework.security.web.authentication.www.BasicAuthenticationFilter@4417af13, org.springframework.security.web.savedrequest.RequestCacheAwareFilter@3bdb2c78, org.springframework.security.web.servletapi.SecurityContextHolderAwareRequestFilter@73a19967, org.springframework.security.web.authentication.AnonymousAuthenticationFilter@58516c91, org.springframework.security.web.session.SessionManagementFilter@6b2e0f78, org.springframework.security.web.access.ExceptionTranslationFilter@2f98635e, org.springframework.security.web.access.intercept.FilterSecurityInterceptor@67594471]
28-09-2020 22:32:17.734 [35m[main][0;39m [34mINFO [0;39m o.a.coyote.http11.Http11NioProtocol.log - Starting ProtocolHandler ["http-nio-8081"]
28-09-2020 22:32:17.752 [35m[main][0;39m [34mINFO [0;39m o.s.b.w.e.tomcat.TomcatWebServer.start - Tomcat started on port(s): 8081 (http) with context path '/tasks-api'
28-09-2020 22:32:18.137 [35m[main][0;39m [34mINFO [0;39m i.f.tasks.taskapi.Application.logStarted - Started Application in 4.002 seconds (JVM running for 4.58)
28-09-2020 22:32:18.137 [35m[main][0;39m [34mINFO [0;39m i.f.tasks.taskapi.Application.logStarted - Started Application in 4.002 seconds (JVM running for 4.58)
28-09-2020 22:32:24.432 [35m[main][0;39m [34mINFO [0;39m i.f.tasks.taskexecutor.Application.logStarting - Starting Application on francesco-HP-Laptop-15s-fq0xxx with PID 10149 (/home/francesco/workspace/tasks/task-executor/build/libs/task-executor-1.0-SNAPSHOT.jar started by francesco in /home/francesco/workspace/tasks)
28-09-2020 22:32:24.432 [35m[main][0;39m [34mINFO [0;39m i.f.tasks.taskexecutor.Application.logStarting - Starting Application on francesco-HP-Laptop-15s-fq0xxx with PID 10149 (/home/francesco/workspace/tasks/task-executor/build/libs/task-executor-1.0-SNAPSHOT.jar started by francesco in /home/francesco/workspace/tasks)
28-09-2020 22:32:24.435 [35m[main][0;39m [39mDEBUG[0;39m i.f.tasks.taskexecutor.Application.logStarting - Running with Spring Boot v2.3.1.RELEASE, Spring v5.2.7.RELEASE
28-09-2020 22:32:24.435 [35m[main][0;39m [39mDEBUG[0;39m i.f.tasks.taskexecutor.Application.logStarting - Running with Spring Boot v2.3.1.RELEASE, Spring v5.2.7.RELEASE
28-09-2020 22:32:24.435 [35m[main][0;39m [34mINFO [0;39m i.f.tasks.taskexecutor.Application.logStartupProfileInfo - No active profile set, falling back to default profiles: default
28-09-2020 22:32:24.435 [35m[main][0;39m [34mINFO [0;39m i.f.tasks.taskexecutor.Application.logStartupProfileInfo - No active profile set, falling back to default profiles: default
28-09-2020 22:32:24.490 [35m[main][0;39m [34mINFO [0;39m o.s.b.d.e.DevToolsPropertyDefaultsPostProcessor.logTo - For additional web related logging consider setting the 'logging.level.web' property to 'DEBUG'
28-09-2020 22:32:25.342 [35m[main][0;39m [34mINFO [0;39m o.s.d.r.c.RepositoryConfigurationDelegate.registerRepositoriesIn - Bootstrapping Spring Data JPA repositories in DEFERRED mode.
28-09-2020 22:32:25.419 [35m[main][0;39m [34mINFO [0;39m o.s.d.r.c.RepositoryConfigurationDelegate.registerRepositoriesIn - Finished Spring Data repository scanning in 69ms. Found 2 JPA repository interfaces.
28-09-2020 22:32:26.205 [35m[main][0;39m [34mINFO [0;39m o.s.b.w.e.tomcat.TomcatWebServer.initialize - Tomcat initialized with port(s): 8082 (http)
28-09-2020 22:32:26.219 [35m[main][0;39m [34mINFO [0;39m o.a.coyote.http11.Http11NioProtocol.log - Initializing ProtocolHandler ["http-nio-8082"]
28-09-2020 22:32:26.220 [35m[main][0;39m [34mINFO [0;39m o.a.catalina.core.StandardService.log - Starting service [Tomcat]
28-09-2020 22:32:26.220 [35m[main][0;39m [34mINFO [0;39m o.a.catalina.core.StandardEngine.log - Starting Servlet engine: [Apache Tomcat/9.0.36]
28-09-2020 22:32:26.301 [35m[main][0;39m [34mINFO [0;39m o.a.c.c.C.[.[.[/tasks-executor].log - Initializing Spring embedded WebApplicationContext
28-09-2020 22:32:26.302 [35m[main][0;39m [34mINFO [0;39m o.s.b.w.s.c.ServletWebServerApplicationContext.prepareWebApplicationContext - Root WebApplicationContext: initialization completed in 1812 ms
28-09-2020 22:32:26.510 [35m[main][0;39m [34mINFO [0;39m o.s.s.c.ThreadPoolTaskExecutor.initialize - Initializing ExecutorService 'applicationTaskExecutor'
28-09-2020 22:32:26.518 [35m[main][0;39m [34mINFO [0;39m com.zaxxer.hikari.HikariDataSource.getConnection - HikariPool-1 - Starting...
28-09-2020 22:32:26.902 [35m[main][0;39m [34mINFO [0;39m com.zaxxer.hikari.HikariDataSource.getConnection - HikariPool-1 - Start completed.
28-09-2020 22:32:26.960 [35m[task-1][0;39m [34mINFO [0;39m o.h.jpa.internal.util.LogHelper.logPersistenceUnitInformation - HHH000204: Processing PersistenceUnitInfo [name: default]
28-09-2020 22:32:27.040 [35m[task-1][0;39m [34mINFO [0;39m org.hibernate.Version.logVersion - HHH000412: Hibernate ORM core version 5.4.17.Final
28-09-2020 22:32:27.135 [35m[main][0;39m [31mWARN [0;39m o.s.b.w.s.c.AnnotationConfigServletWebServerApplicationContext.refresh - Exception encountered during context initialization - cancelling refresh attempt: org.springframework.beans.factory.UnsatisfiedDependencyException: Error creating bean with name 'taskListener' defined in URL [jar:file:/home/francesco/workspace/tasks/task-executor/build/libs/task-executor-1.0-SNAPSHOT.jar!/BOOT-INF/classes!/it/francescofiora/tasks/taskexecutor/jms/TaskListener.class]: Unsatisfied dependency expressed through constructor parameter 1; nested exception is org.springframework.beans.factory.UnsatisfiedDependencyException: Error creating bean with name 'strategyManagerImpl' defined in URL [jar:file:/home/francesco/workspace/tasks/task-executor/build/libs/task-executor-1.0-SNAPSHOT.jar!/BOOT-INF/classes!/it/francescofiora/tasks/taskexecutor/jms/impl/StrategyManagerImpl.class]: Unsatisfied dependency expressed through constructor parameter 1; nested exception is org.springframework.beans.factory.UnsatisfiedDependencyException: Error creating bean with name 'shortJob' defined in class path resource [it/francescofiora/tasks/taskexecutor/config/job/ShortJobConfig.class]: Unsatisfied dependency expressed through method 'shortJob' parameter 2; nested exception is org.springframework.beans.factory.UnsatisfiedDependencyException: Error creating bean with name 'sendMsgStep' defined in class path resource [it/francescofiora/tasks/taskexecutor/config/SpringBatchConfig.class]: Unsatisfied dependency expressed through method 'sendMsgStep' parameter 1; nested exception is org.springframework.beans.factory.UnsatisfiedDependencyException: Error creating bean with name 'sendMsgTasklet' defined in URL [jar:file:/home/francesco/workspace/tasks/task-executor/build/libs/task-executor-1.0-SNAPSHOT.jar!/BOOT-INF/classes!/it/francescofiora/tasks/taskexecutor/tasklet/SendMsgTasklet.class]: Unsatisfied dependency expressed through constructor parameter 0; nested exception is org.springframework.beans.factory.UnsatisfiedDependencyException: Error creating bean with name 'taskResponderImpl' defined in URL [jar:file:/home/francesco/workspace/tasks/task-executor/build/libs/task-executor-1.0-SNAPSHOT.jar!/BOOT-INF/classes!/it/francescofiora/tasks/taskexecutor/jms/impl/TaskResponderImpl.class]: Unsatisfied dependency expressed through constructor parameter 0; nested exception is org.springframework.beans.factory.UnsatisfiedDependencyException: Error creating bean with name 'jmsTemplate' defined in class path resource [org/springframework/boot/autoconfigure/jms/JmsAutoConfiguration$JmsTemplateConfiguration.class]: Unsatisfied dependency expressed through method 'jmsTemplate' parameter 0; nested exception is org.springframework.beans.factory.BeanCreationException: Error creating bean with name 'connectionFactory' defined in class path resource [it/francescofiora/tasks/taskexecutor/config/JmsConfig.class]: Unexpected exception during bean creation; nested exception is java.lang.IllegalArgumentException: Could not resolve placeholder 'spring.activemq.ssl.trustStorePath' in value "${spring.activemq.ssl.trustStorePath}"
28-09-2020 22:32:27.136 [35m[main][0;39m [34mINFO [0;39m o.s.o.j.LocalContainerEntityManagerFactoryBean.destroy - Closing JPA EntityManagerFactory for persistence unit 'default'
28-09-2020 22:32:27.238 [35m[task-1][0;39m [34mINFO [0;39m o.h.annotations.common.Version.<clinit> - HCANN000001: Hibernate Commons Annotations {5.1.0.Final}
28-09-2020 22:32:27.350 [35m[task-1][0;39m [34mINFO [0;39m org.hibernate.dialect.Dialect.<init> - HHH000400: Using dialect: org.hibernate.dialect.MySQLDialect
28-09-2020 22:32:28.073 [35m[task-1][0;39m [34mINFO [0;39m o.h.e.t.j.p.i.JtaPlatformInitiator.initiateService - HHH000490: Using JtaPlatform implementation: [org.hibernate.engine.transaction.jta.platform.internal.NoJtaPlatform]
28-09-2020 22:32:28.079 [35m[task-1][0;39m [34mINFO [0;39m o.s.o.j.LocalContainerEntityManagerFactoryBean.buildNativeEntityManagerFactory - Initialized JPA EntityManagerFactory for persistence unit 'default'
28-09-2020 22:32:28.083 [35m[main][0;39m [34mINFO [0;39m o.s.s.c.ThreadPoolTaskExecutor.shutdown - Shutting down ExecutorService 'applicationTaskExecutor'
28-09-2020 22:32:28.086 [35m[main][0;39m [34mINFO [0;39m com.zaxxer.hikari.HikariDataSource.close - HikariPool-1 - Shutdown initiated...
28-09-2020 22:32:28.095 [35m[main][0;39m [34mINFO [0;39m com.zaxxer.hikari.HikariDataSource.close - HikariPool-1 - Shutdown completed.
28-09-2020 22:32:28.097 [35m[main][0;39m [34mINFO [0;39m o.a.catalina.core.StandardService.log - Stopping service [Tomcat]
28-09-2020 22:32:28.108 [35m[main][0;39m [34mINFO [0;39m o.s.b.a.l.ConditionEvaluationReportLoggingListener.logMessage - 

Error starting ApplicationContext. To display the conditions report re-run your application with 'debug' enabled.
28-09-2020 22:32:28.111 [35m[main][0;39m [1;31mERROR[0;39m o.s.boot.SpringApplication.reportFailure - Application run failed
org.springframework.beans.factory.UnsatisfiedDependencyException: Error creating bean with name 'taskListener' defined in URL [jar:file:/home/francesco/workspace/tasks/task-executor/build/libs/task-executor-1.0-SNAPSHOT.jar!/BOOT-INF/classes!/it/francescofiora/tasks/taskexecutor/jms/TaskListener.class]: Unsatisfied dependency expressed through constructor parameter 1; nested exception is org.springframework.beans.factory.UnsatisfiedDependencyException: Error creating bean with name 'strategyManagerImpl' defined in URL [jar:file:/home/francesco/workspace/tasks/task-executor/build/libs/task-executor-1.0-SNAPSHOT.jar!/BOOT-INF/classes!/it/francescofiora/tasks/taskexecutor/jms/impl/StrategyManagerImpl.class]: Unsatisfied dependency expressed through constructor parameter 1; nested exception is org.springframework.beans.factory.UnsatisfiedDependencyException: Error creating bean with name 'shortJob' defined in class path resource [it/francescofiora/tasks/taskexecutor/config/job/ShortJobConfig.class]: Unsatisfied dependency expressed through method 'shortJob' parameter 2; nested exception is org.springframework.beans.factory.UnsatisfiedDependencyException: Error creating bean with name 'sendMsgStep' defined in class path resource [it/francescofiora/tasks/taskexecutor/config/SpringBatchConfig.class]: Unsatisfied dependency expressed through method 'sendMsgStep' parameter 1; nested exception is org.springframework.beans.factory.UnsatisfiedDependencyException: Error creating bean with name 'sendMsgTasklet' defined in URL [jar:file:/home/francesco/workspace/tasks/task-executor/build/libs/task-executor-1.0-SNAPSHOT.jar!/BOOT-INF/classes!/it/francescofiora/tasks/taskexecutor/tasklet/SendMsgTasklet.class]: Unsatisfied dependency expressed through constructor parameter 0; nested exception is org.springframework.beans.factory.UnsatisfiedDependencyException: Error creating bean with name 'taskResponderImpl' defined in URL [jar:file:/home/francesco/workspace/tasks/task-executor/build/libs/task-executor-1.0-SNAPSHOT.jar!/BOOT-INF/classes!/it/francescofiora/tasks/taskexecutor/jms/impl/TaskResponderImpl.class]: Unsatisfied dependency expressed through constructor parameter 0; nested exception is org.springframework.beans.factory.UnsatisfiedDependencyException: Error creating bean with name 'jmsTemplate' defined in class path resource [org/springframework/boot/autoconfigure/jms/JmsAutoConfiguration$JmsTemplateConfiguration.class]: Unsatisfied dependency expressed through method 'jmsTemplate' parameter 0; nested exception is org.springframework.beans.factory.BeanCreationException: Error creating bean with name 'connectionFactory' defined in class path resource [it/francescofiora/tasks/taskexecutor/config/JmsConfig.class]: Unexpected exception during bean creation; nested exception is java.lang.IllegalArgumentException: Could not resolve placeholder 'spring.activemq.ssl.trustStorePath' in value "${spring.activemq.ssl.trustStorePath}"
	at org.springframework.beans.factory.support.ConstructorResolver.createArgumentArray(ConstructorResolver.java:797)
	at org.springframework.beans.factory.support.ConstructorResolver.autowireConstructor(ConstructorResolver.java:227)
	at org.springframework.beans.factory.support.AbstractAutowireCapableBeanFactory.autowireConstructor(AbstractAutowireCapableBeanFactory.java:1358)
	at org.springframework.beans.factory.support.AbstractAutowireCapableBeanFactory.createBeanInstance(AbstractAutowireCapableBeanFactory.java:1204)
	at org.springframework.beans.factory.support.AbstractAutowireCapableBeanFactory.doCreateBean(AbstractAutowireCapableBeanFactory.java:557)
	at org.springframework.beans.factory.support.AbstractAutowireCapableBeanFactory.createBean(AbstractAutowireCapableBeanFactory.java:517)
	at org.springframework.beans.factory.support.AbstractBeanFactory.lambda$doGetBean$0(AbstractBeanFactory.java:323)
	at org.springframework.beans.factory.support.DefaultSingletonBeanRegistry.getSingleton(DefaultSingletonBeanRegistry.java:226)
	at org.springframework.beans.factory.support.AbstractBeanFactory.doGetBean(AbstractBeanFactory.java:321)
	at org.springframework.beans.factory.support.AbstractBeanFactory.getBean(AbstractBeanFactory.java:202)
	at org.springframework.beans.factory.support.DefaultListableBeanFactory.preInstantiateSingletons(DefaultListableBeanFactory.java:893)
	at org.springframework.context.support.AbstractApplicationContext.finishBeanFactoryInitialization(AbstractApplicationContext.java:879)
	at org.springframework.context.support.AbstractApplicationContext.refresh(AbstractApplicationContext.java:551)
	at org.springframework.boot.web.servlet.context.ServletWebServerApplicationContext.refresh(ServletWebServerApplicationContext.java:143)
	at org.springframework.boot.SpringApplication.refresh(SpringApplication.java:758)
	at org.springframework.boot.SpringApplication.refresh(SpringApplication.java:750)
	at org.springframework.boot.SpringApplication.refreshContext(SpringApplication.java:397)
	at org.springframework.boot.SpringApplication.run(SpringApplication.java:315)
	at org.springframework.boot.SpringApplication.run(SpringApplication.java:1237)
	at org.springframework.boot.SpringApplication.run(SpringApplication.java:1226)
	at it.francescofiora.tasks.taskexecutor.Application.main(Application.java:14)
	at java.base/jdk.internal.reflect.NativeMethodAccessorImpl.invoke0(Native Method)
	at java.base/jdk.internal.reflect.NativeMethodAccessorImpl.invoke(NativeMethodAccessorImpl.java:62)
	at java.base/jdk.internal.reflect.DelegatingMethodAccessorImpl.invoke(DelegatingMethodAccessorImpl.java:43)
	at java.base/java.lang.reflect.Method.invoke(Method.java:566)
	at org.springframework.boot.loader.MainMethodRunner.run(MainMethodRunner.java:49)
	at org.springframework.boot.loader.Launcher.launch(Launcher.java:109)
	at org.springframework.boot.loader.Launcher.launch(Launcher.java:58)
	at org.springframework.boot.loader.JarLauncher.main(JarLauncher.java:88)
Caused by: org.springframework.beans.factory.UnsatisfiedDependencyException: Error creating bean with name 'strategyManagerImpl' defined in URL [jar:file:/home/francesco/workspace/tasks/task-executor/build/libs/task-executor-1.0-SNAPSHOT.jar!/BOOT-INF/classes!/it/francescofiora/tasks/taskexecutor/jms/impl/StrategyManagerImpl.class]: Unsatisfied dependency expressed through constructor parameter 1; nested exception is org.springframework.beans.factory.UnsatisfiedDependencyException: Error creating bean with name 'shortJob' defined in class path resource [it/francescofiora/tasks/taskexecutor/config/job/ShortJobConfig.class]: Unsatisfied dependency expressed through method 'shortJob' parameter 2; nested exception is org.springframework.beans.factory.UnsatisfiedDependencyException: Error creating bean with name 'sendMsgStep' defined in class path resource [it/francescofiora/tasks/taskexecutor/config/SpringBatchConfig.class]: Unsatisfied dependency expressed through method 'sendMsgStep' parameter 1; nested exception is org.springframework.beans.factory.UnsatisfiedDependencyException: Error creating bean with name 'sendMsgTasklet' defined in URL [jar:file:/home/francesco/workspace/tasks/task-executor/build/libs/task-executor-1.0-SNAPSHOT.jar!/BOOT-INF/classes!/it/francescofiora/tasks/taskexecutor/tasklet/SendMsgTasklet.class]: Unsatisfied dependency expressed through constructor parameter 0; nested exception is org.springframework.beans.factory.UnsatisfiedDependencyException: Error creating bean with name 'taskResponderImpl' defined in URL [jar:file:/home/francesco/workspace/tasks/task-executor/build/libs/task-executor-1.0-SNAPSHOT.jar!/BOOT-INF/classes!/it/francescofiora/tasks/taskexecutor/jms/impl/TaskResponderImpl.class]: Unsatisfied dependency expressed through constructor parameter 0; nested exception is org.springframework.beans.factory.UnsatisfiedDependencyException: Error creating bean with name 'jmsTemplate' defined in class path resource [org/springframework/boot/autoconfigure/jms/JmsAutoConfiguration$JmsTemplateConfiguration.class]: Unsatisfied dependency expressed through method 'jmsTemplate' parameter 0; nested exception is org.springframework.beans.factory.BeanCreationException: Error creating bean with name 'connectionFactory' defined in class path resource [it/francescofiora/tasks/taskexecutor/config/JmsConfig.class]: Unexpected exception during bean creation; nested exception is java.lang.IllegalArgumentException: Could not resolve placeholder 'spring.activemq.ssl.trustStorePath' in value "${spring.activemq.ssl.trustStorePath}"
	at org.springframework.beans.factory.support.ConstructorResolver.createArgumentArray(ConstructorResolver.java:797)
	at org.springframework.beans.factory.support.ConstructorResolver.autowireConstructor(ConstructorResolver.java:227)
	at org.springframework.beans.factory.support.AbstractAutowireCapableBeanFactory.autowireConstructor(AbstractAutowireCapableBeanFactory.java:1358)
	at org.springframework.beans.factory.support.AbstractAutowireCapableBeanFactory.createBeanInstance(AbstractAutowireCapableBeanFactory.java:1204)
	at org.springframework.beans.factory.support.AbstractAutowireCapableBeanFactory.doCreateBean(AbstractAutowireCapableBeanFactory.java:557)
	at org.springframework.beans.factory.support.AbstractAutowireCapableBeanFactory.createBean(AbstractAutowireCapableBeanFactory.java:517)
	at org.springframework.beans.factory.support.AbstractBeanFactory.lambda$doGetBean$0(AbstractBeanFactory.java:323)
	at org.springframework.beans.factory.support.DefaultSingletonBeanRegistry.getSingleton(DefaultSingletonBeanRegistry.java:226)
	at org.springframework.beans.factory.support.AbstractBeanFactory.doGetBean(AbstractBeanFactory.java:321)
	at org.springframework.beans.factory.support.AbstractBeanFactory.getBean(AbstractBeanFactory.java:202)
	at org.springframework.beans.factory.config.DependencyDescriptor.resolveCandidate(DependencyDescriptor.java:276)
	at org.springframework.beans.factory.support.DefaultListableBeanFactory.doResolveDependency(DefaultListableBeanFactory.java:1304)
	at org.springframework.beans.factory.support.DefaultListableBeanFactory.resolveDependency(DefaultListableBeanFactory.java:1224)
	at org.springframework.beans.factory.support.ConstructorResolver.resolveAutowiredArgument(ConstructorResolver.java:884)
	at org.springframework.beans.factory.support.ConstructorResolver.createArgumentArray(ConstructorResolver.java:788)
	... 28 common frames omitted
Caused by: org.springframework.beans.factory.UnsatisfiedDependencyException: Error creating bean with name 'shortJob' defined in class path resource [it/francescofiora/tasks/taskexecutor/config/job/ShortJobConfig.class]: Unsatisfied dependency expressed through method 'shortJob' parameter 2; nested exception is org.springframework.beans.factory.UnsatisfiedDependencyException: Error creating bean with name 'sendMsgStep' defined in class path resource [it/francescofiora/tasks/taskexecutor/config/SpringBatchConfig.class]: Unsatisfied dependency expressed through method 'sendMsgStep' parameter 1; nested exception is org.springframework.beans.factory.UnsatisfiedDependencyException: Error creating bean with name 'sendMsgTasklet' defined in URL [jar:file:/home/francesco/workspace/tasks/task-executor/build/libs/task-executor-1.0-SNAPSHOT.jar!/BOOT-INF/classes!/it/francescofiora/tasks/taskexecutor/tasklet/SendMsgTasklet.class]: Unsatisfied dependency expressed through constructor parameter 0; nested exception is org.springframework.beans.factory.UnsatisfiedDependencyException: Error creating bean with name 'taskResponderImpl' defined in URL [jar:file:/home/francesco/workspace/tasks/task-executor/build/libs/task-executor-1.0-SNAPSHOT.jar!/BOOT-INF/classes!/it/francescofiora/tasks/taskexecutor/jms/impl/TaskResponderImpl.class]: Unsatisfied dependency expressed through constructor parameter 0; nested exception is org.springframework.beans.factory.UnsatisfiedDependencyException: Error creating bean with name 'jmsTemplate' defined in class path resource [org/springframework/boot/autoconfigure/jms/JmsAutoConfiguration$JmsTemplateConfiguration.class]: Unsatisfied dependency expressed through method 'jmsTemplate' parameter 0; nested exception is org.springframework.beans.factory.BeanCreationException: Error creating bean with name 'connectionFactory' defined in class path resource [it/francescofiora/tasks/taskexecutor/config/JmsConfig.class]: Unexpected exception during bean creation; nested exception is java.lang.IllegalArgumentException: Could not resolve placeholder 'spring.activemq.ssl.trustStorePath' in value "${spring.activemq.ssl.trustStorePath}"
	at org.springframework.beans.factory.support.ConstructorResolver.createArgumentArray(ConstructorResolver.java:797)
	at org.springframework.beans.factory.support.ConstructorResolver.instantiateUsingFactoryMethod(ConstructorResolver.java:538)
	at org.springframework.beans.factory.support.AbstractAutowireCapableBeanFactory.instantiateUsingFactoryMethod(AbstractAutowireCapableBeanFactory.java:1338)
	at org.springframework.beans.factory.support.AbstractAutowireCapableBeanFactory.createBeanInstance(AbstractAutowireCapableBeanFactory.java:1177)
	at org.springframework.beans.factory.support.AbstractAutowireCapableBeanFactory.doCreateBean(AbstractAutowireCapableBeanFactory.java:557)
	at org.springframework.beans.factory.support.AbstractAutowireCapableBeanFactory.createBean(AbstractAutowireCapableBeanFactory.java:517)
	at org.springframework.beans.factory.support.AbstractBeanFactory.lambda$doGetBean$0(AbstractBeanFactory.java:323)
	at org.springframework.beans.factory.support.DefaultSingletonBeanRegistry.getSingleton(DefaultSingletonBeanRegistry.java:226)
	at org.springframework.beans.factory.support.AbstractBeanFactory.doGetBean(AbstractBeanFactory.java:321)
	at org.springframework.beans.factory.support.AbstractBeanFactory.getBean(AbstractBeanFactory.java:202)
	at org.springframework.beans.factory.config.DependencyDescriptor.resolveCandidate(DependencyDescriptor.java:276)
	at org.springframework.beans.factory.support.DefaultListableBeanFactory.addCandidateEntry(DefaultListableBeanFactory.java:1522)
	at org.springframework.beans.factory.support.DefaultListableBeanFactory.findAutowireCandidates(DefaultListableBeanFactory.java:1486)
	at org.springframework.beans.factory.support.DefaultListableBeanFactory.resolveMultipleBeans(DefaultListableBeanFactory.java:1352)
	at org.springframework.beans.factory.support.DefaultListableBeanFactory.doResolveDependency(DefaultListableBeanFactory.java:1262)
	at org.springframework.beans.factory.support.DefaultListableBeanFactory.resolveDependency(DefaultListableBeanFactory.java:1224)
	at org.springframework.beans.factory.support.ConstructorResolver.resolveAutowiredArgument(ConstructorResolver.java:884)
	at org.springframework.beans.factory.support.ConstructorResolver.createArgumentArray(ConstructorResolver.java:788)
	... 42 common frames omitted
Caused by: org.springframework.beans.factory.UnsatisfiedDependencyException: Error creating bean with name 'sendMsgStep' defined in class path resource [it/francescofiora/tasks/taskexecutor/config/SpringBatchConfig.class]: Unsatisfied dependency expressed through method 'sendMsgStep' parameter 1; nested exception is org.springframework.beans.factory.UnsatisfiedDependencyException: Error creating bean with name 'sendMsgTasklet' defined in URL [jar:file:/home/francesco/workspace/tasks/task-executor/build/libs/task-executor-1.0-SNAPSHOT.jar!/BOOT-INF/classes!/it/francescofiora/tasks/taskexecutor/tasklet/SendMsgTasklet.class]: Unsatisfied dependency expressed through constructor parameter 0; nested exception is org.springframework.beans.factory.UnsatisfiedDependencyException: Error creating bean with name 'taskResponderImpl' defined in URL [jar:file:/home/francesco/workspace/tasks/task-executor/build/libs/task-executor-1.0-SNAPSHOT.jar!/BOOT-INF/classes!/it/francescofiora/tasks/taskexecutor/jms/impl/TaskResponderImpl.class]: Unsatisfied dependency expressed through constructor parameter 0; nested exception is org.springframework.beans.factory.UnsatisfiedDependencyException: Error creating bean with name 'jmsTemplate' defined in class path resource [org/springframework/boot/autoconfigure/jms/JmsAutoConfiguration$JmsTemplateConfiguration.class]: Unsatisfied dependency expressed through method 'jmsTemplate' parameter 0; nested exception is org.springframework.beans.factory.BeanCreationException: Error creating bean with name 'connectionFactory' defined in class path resource [it/francescofiora/tasks/taskexecutor/config/JmsConfig.class]: Unexpected exception during bean creation; nested exception is java.lang.IllegalArgumentException: Could not resolve placeholder 'spring.activemq.ssl.trustStorePath' in value "${spring.activemq.ssl.trustStorePath}"
	at org.springframework.beans.factory.support.ConstructorResolver.createArgumentArray(ConstructorResolver.java:797)
	at org.springframework.beans.factory.support.ConstructorResolver.instantiateUsingFactoryMethod(ConstructorResolver.java:538)
	at org.springframework.beans.factory.support.AbstractAutowireCapableBeanFactory.instantiateUsingFactoryMethod(AbstractAutowireCapableBeanFactory.java:1338)
	at org.springframework.beans.factory.support.AbstractAutowireCapableBeanFactory.createBeanInstance(AbstractAutowireCapableBeanFactory.java:1177)
	at org.springframework.beans.factory.support.AbstractAutowireCapableBeanFactory.doCreateBean(AbstractAutowireCapableBeanFactory.java:557)
	at org.springframework.beans.factory.support.AbstractAutowireCapableBeanFactory.createBean(AbstractAutowireCapableBeanFactory.java:517)
	at org.springframework.beans.factory.support.AbstractBeanFactory.lambda$doGetBean$0(AbstractBeanFactory.java:323)
	at org.springframework.beans.factory.support.DefaultSingletonBeanRegistry.getSingleton(DefaultSingletonBeanRegistry.java:226)
	at org.springframework.beans.factory.support.AbstractBeanFactory.doGetBean(AbstractBeanFactory.java:321)
	at org.springframework.beans.factory.support.AbstractBeanFactory.getBean(AbstractBeanFactory.java:202)
	at org.springframework.beans.factory.config.DependencyDescriptor.resolveCandidate(DependencyDescriptor.java:276)
	at org.springframework.beans.factory.support.DefaultListableBeanFactory.doResolveDependency(DefaultListableBeanFactory.java:1304)
	at org.springframework.beans.factory.support.DefaultListableBeanFactory.resolveDependency(DefaultListableBeanFactory.java:1224)
	at org.springframework.beans.factory.support.ConstructorResolver.resolveAutowiredArgument(ConstructorResolver.java:884)
	at org.springframework.beans.factory.support.ConstructorResolver.createArgumentArray(ConstructorResolver.java:788)
	... 59 common frames omitted
Caused by: org.springframework.beans.factory.UnsatisfiedDependencyException: Error creating bean with name 'sendMsgTasklet' defined in URL [jar:file:/home/francesco/workspace/tasks/task-executor/build/libs/task-executor-1.0-SNAPSHOT.jar!/BOOT-INF/classes!/it/francescofiora/tasks/taskexecutor/tasklet/SendMsgTasklet.class]: Unsatisfied dependency expressed through constructor parameter 0; nested exception is org.springframework.beans.factory.UnsatisfiedDependencyException: Error creating bean with name 'taskResponderImpl' defined in URL [jar:file:/home/francesco/workspace/tasks/task-executor/build/libs/task-executor-1.0-SNAPSHOT.jar!/BOOT-INF/classes!/it/francescofiora/tasks/taskexecutor/jms/impl/TaskResponderImpl.class]: Unsatisfied dependency expressed through constructor parameter 0; nested exception is org.springframework.beans.factory.UnsatisfiedDependencyException: Error creating bean with name 'jmsTemplate' defined in class path resource [org/springframework/boot/autoconfigure/jms/JmsAutoConfiguration$JmsTemplateConfiguration.class]: Unsatisfied dependency expressed through method 'jmsTemplate' parameter 0; nested exception is org.springframework.beans.factory.BeanCreationException: Error creating bean with name 'connectionFactory' defined in class path resource [it/francescofiora/tasks/taskexecutor/config/JmsConfig.class]: Unexpected exception during bean creation; nested exception is java.lang.IllegalArgumentException: Could not resolve placeholder 'spring.activemq.ssl.trustStorePath' in value "${spring.activemq.ssl.trustStorePath}"
	at org.springframework.beans.factory.support.ConstructorResolver.createArgumentArray(ConstructorResolver.java:797)
	at org.springframework.beans.factory.support.ConstructorResolver.autowireConstructor(ConstructorResolver.java:227)
	at org.springframework.beans.factory.support.AbstractAutowireCapableBeanFactory.autowireConstructor(AbstractAutowireCapableBeanFactory.java:1358)
	at org.springframework.beans.factory.support.AbstractAutowireCapableBeanFactory.createBeanInstance(AbstractAutowireCapableBeanFactory.java:1204)
	at org.springframework.beans.factory.support.AbstractAutowireCapableBeanFactory.doCreateBean(AbstractAutowireCapableBeanFactory.java:557)
	at org.springframework.beans.factory.support.AbstractAutowireCapableBeanFactory.createBean(AbstractAutowireCapableBeanFactory.java:517)
	at org.springframework.beans.factory.support.AbstractBeanFactory.lambda$doGetBean$0(AbstractBeanFactory.java:323)
	at org.springframework.beans.factory.support.DefaultSingletonBeanRegistry.getSingleton(DefaultSingletonBeanRegistry.java:226)
	at org.springframework.beans.factory.support.AbstractBeanFactory.doGetBean(AbstractBeanFactory.java:321)
	at org.springframework.beans.factory.support.AbstractBeanFactory.getBean(AbstractBeanFactory.java:202)
	at org.springframework.beans.factory.config.DependencyDescriptor.resolveCandidate(DependencyDescriptor.java:276)
	at org.springframework.beans.factory.support.DefaultListableBeanFactory.doResolveDependency(DefaultListableBeanFactory.java:1304)
	at org.springframework.beans.factory.support.DefaultListableBeanFactory.resolveDependency(DefaultListableBeanFactory.java:1224)
	at org.springframework.beans.factory.support.ConstructorResolver.resolveAutowiredArgument(ConstructorResolver.java:884)
	at org.springframework.beans.factory.support.ConstructorResolver.createArgumentArray(ConstructorResolver.java:788)
	... 73 common frames omitted
Caused by: org.springframework.beans.factory.UnsatisfiedDependencyException: Error creating bean with name 'taskResponderImpl' defined in URL [jar:file:/home/francesco/workspace/tasks/task-executor/build/libs/task-executor-1.0-SNAPSHOT.jar!/BOOT-INF/classes!/it/francescofiora/tasks/taskexecutor/jms/impl/TaskResponderImpl.class]: Unsatisfied dependency expressed through constructor parameter 0; nested exception is org.springframework.beans.factory.UnsatisfiedDependencyException: Error creating bean with name 'jmsTemplate' defined in class path resource [org/springframework/boot/autoconfigure/jms/JmsAutoConfiguration$JmsTemplateConfiguration.class]: Unsatisfied dependency expressed through method 'jmsTemplate' parameter 0; nested exception is org.springframework.beans.factory.BeanCreationException: Error creating bean with name 'connectionFactory' defined in class path resource [it/francescofiora/tasks/taskexecutor/config/JmsConfig.class]: Unexpected exception during bean creation; nested exception is java.lang.IllegalArgumentException: Could not resolve placeholder 'spring.activemq.ssl.trustStorePath' in value "${spring.activemq.ssl.trustStorePath}"
	at org.springframework.beans.factory.support.ConstructorResolver.createArgumentArray(ConstructorResolver.java:797)
	at org.springframework.beans.factory.support.ConstructorResolver.autowireConstructor(ConstructorResolver.java:227)
	at org.springframework.beans.factory.support.AbstractAutowireCapableBeanFactory.autowireConstructor(AbstractAutowireCapableBeanFactory.java:1358)
	at org.springframework.beans.factory.support.AbstractAutowireCapableBeanFactory.createBeanInstance(AbstractAutowireCapableBeanFactory.java:1204)
	at org.springframework.beans.factory.support.AbstractAutowireCapableBeanFactory.doCreateBean(AbstractAutowireCapableBeanFactory.java:557)
	at org.springframework.beans.factory.support.AbstractAutowireCapableBeanFactory.createBean(AbstractAutowireCapableBeanFactory.java:517)
	at org.springframework.beans.factory.support.AbstractBeanFactory.lambda$doGetBean$0(AbstractBeanFactory.java:323)
	at org.springframework.beans.factory.support.DefaultSingletonBeanRegistry.getSingleton(DefaultSingletonBeanRegistry.java:226)
	at org.springframework.beans.factory.support.AbstractBeanFactory.doGetBean(AbstractBeanFactory.java:321)
	at org.springframework.beans.factory.support.AbstractBeanFactory.getBean(AbstractBeanFactory.java:202)
	at org.springframework.beans.factory.config.DependencyDescriptor.resolveCandidate(DependencyDescriptor.java:276)
	at org.springframework.beans.factory.support.DefaultListableBeanFactory.doResolveDependency(DefaultListableBeanFactory.java:1304)
	at org.springframework.beans.factory.support.DefaultListableBeanFactory.resolveDependency(DefaultListableBeanFactory.java:1224)
	at org.springframework.beans.factory.support.ConstructorResolver.resolveAutowiredArgument(ConstructorResolver.java:884)
	at org.springframework.beans.factory.support.ConstructorResolver.createArgumentArray(ConstructorResolver.java:788)
	... 87 common frames omitted
Caused by: org.springframework.beans.factory.UnsatisfiedDependencyException: Error creating bean with name 'jmsTemplate' defined in class path resource [org/springframework/boot/autoconfigure/jms/JmsAutoConfiguration$JmsTemplateConfiguration.class]: Unsatisfied dependency expressed through method 'jmsTemplate' parameter 0; nested exception is org.springframework.beans.factory.BeanCreationException: Error creating bean with name 'connectionFactory' defined in class path resource [it/francescofiora/tasks/taskexecutor/config/JmsConfig.class]: Unexpected exception during bean creation; nested exception is java.lang.IllegalArgumentException: Could not resolve placeholder 'spring.activemq.ssl.trustStorePath' in value "${spring.activemq.ssl.trustStorePath}"
	at org.springframework.beans.factory.support.ConstructorResolver.createArgumentArray(ConstructorResolver.java:797)
	at org.springframework.beans.factory.support.ConstructorResolver.instantiateUsingFactoryMethod(ConstructorResolver.java:538)
	at org.springframework.beans.factory.support.AbstractAutowireCapableBeanFactory.instantiateUsingFactoryMethod(AbstractAutowireCapableBeanFactory.java:1338)
	at org.springframework.beans.factory.support.AbstractAutowireCapableBeanFactory.createBeanInstance(AbstractAutowireCapableBeanFactory.java:1177)
	at org.springframework.beans.factory.support.AbstractAutowireCapableBeanFactory.doCreateBean(AbstractAutowireCapableBeanFactory.java:557)
	at org.springframework.beans.factory.support.AbstractAutowireCapableBeanFactory.createBean(AbstractAutowireCapableBeanFactory.java:517)
	at org.springframework.beans.factory.support.AbstractBeanFactory.lambda$doGetBean$0(AbstractBeanFactory.java:323)
	at org.springframework.beans.factory.support.DefaultSingletonBeanRegistry.getSingleton(DefaultSingletonBeanRegistry.java:226)
	at org.springframework.beans.factory.support.AbstractBeanFactory.doGetBean(AbstractBeanFactory.java:321)
	at org.springframework.beans.factory.support.AbstractBeanFactory.getBean(AbstractBeanFactory.java:202)
	at org.springframework.beans.factory.config.DependencyDescriptor.resolveCandidate(DependencyDescriptor.java:276)
	at org.springframework.beans.factory.support.DefaultListableBeanFactory.doResolveDependency(DefaultListableBeanFactory.java:1304)
	at org.springframework.beans.factory.support.DefaultListableBeanFactory.resolveDependency(DefaultListableBeanFactory.java:1224)
	at org.springframework.beans.factory.support.ConstructorResolver.resolveAutowiredArgument(ConstructorResolver.java:884)
	at org.springframework.beans.factory.support.ConstructorResolver.createArgumentArray(ConstructorResolver.java:788)
	... 101 common frames omitted
Caused by: org.springframework.beans.factory.BeanCreationException: Error creating bean with name 'connectionFactory' defined in class path resource [it/francescofiora/tasks/taskexecutor/config/JmsConfig.class]: Unexpected exception during bean creation; nested exception is java.lang.IllegalArgumentException: Could not resolve placeholder 'spring.activemq.ssl.trustStorePath' in value "${spring.activemq.ssl.trustStorePath}"
	at org.springframework.beans.factory.support.AbstractAutowireCapableBeanFactory.createBean(AbstractAutowireCapableBeanFactory.java:530)
	at org.springframework.beans.factory.support.AbstractBeanFactory.lambda$doGetBean$0(AbstractBeanFactory.java:323)
	at org.springframework.beans.factory.support.DefaultSingletonBeanRegistry.getSingleton(DefaultSingletonBeanRegistry.java:226)
	at org.springframework.beans.factory.support.AbstractBeanFactory.doGetBean(AbstractBeanFactory.java:321)
	at org.springframework.beans.factory.support.AbstractBeanFactory.getBean(AbstractBeanFactory.java:202)
	at org.springframework.beans.factory.config.DependencyDescriptor.resolveCandidate(DependencyDescriptor.java:276)
	at org.springframework.beans.factory.support.DefaultListableBeanFactory.doResolveDependency(DefaultListableBeanFactory.java:1304)
	at org.springframework.beans.factory.support.DefaultListableBeanFactory.resolveDependency(DefaultListableBeanFactory.java:1224)
	at org.springframework.beans.factory.support.ConstructorResolver.resolveAutowiredArgument(ConstructorResolver.java:884)
	at org.springframework.beans.factory.support.ConstructorResolver.createArgumentArray(ConstructorResolver.java:788)
	... 115 common frames omitted
Caused by: java.lang.IllegalArgumentException: Could not resolve placeholder 'spring.activemq.ssl.trustStorePath' in value "${spring.activemq.ssl.trustStorePath}"
	at org.springframework.util.PropertyPlaceholderHelper.parseStringValue(PropertyPlaceholderHelper.java:178)
	at org.springframework.util.PropertyPlaceholderHelper.replacePlaceholders(PropertyPlaceholderHelper.java:124)
	at org.springframework.core.env.AbstractPropertyResolver.doResolvePlaceholders(AbstractPropertyResolver.java:239)
	at org.springframework.core.env.AbstractPropertyResolver.resolveRequiredPlaceholders(AbstractPropertyResolver.java:210)
	at org.springframework.context.support.PropertySourcesPlaceholderConfigurer.lambda$processProperties$0(PropertySourcesPlaceholderConfigurer.java:175)
	at org.springframework.beans.factory.support.AbstractBeanFactory.resolveEmbeddedValue(AbstractBeanFactory.java:912)
	at org.springframework.beans.factory.support.DefaultListableBeanFactory.doResolveDependency(DefaultListableBeanFactory.java:1245)
	at org.springframework.beans.factory.support.DefaultListableBeanFactory.resolveDependency(DefaultListableBeanFactory.java:1224)
	at org.springframework.beans.factory.support.ConstructorResolver.resolveAutowiredArgument(ConstructorResolver.java:884)
	at org.springframework.beans.factory.support.ConstructorResolver.createArgumentArray(ConstructorResolver.java:788)
	at org.springframework.beans.factory.support.ConstructorResolver.instantiateUsingFactoryMethod(ConstructorResolver.java:538)
	at org.springframework.beans.factory.support.AbstractAutowireCapableBeanFactory.instantiateUsingFactoryMethod(AbstractAutowireCapableBeanFactory.java:1338)
	at org.springframework.beans.factory.support.AbstractAutowireCapableBeanFactory.createBeanInstance(AbstractAutowireCapableBeanFactory.java:1177)
	at org.springframework.beans.factory.support.AbstractAutowireCapableBeanFactory.doCreateBean(AbstractAutowireCapableBeanFactory.java:557)
	at org.springframework.beans.factory.support.AbstractAutowireCapableBeanFactory.createBean(AbstractAutowireCapableBeanFactory.java:517)
	... 124 common frames omitted
28-09-2020 22:39:58.471 [35m[http-nio-8081-exec-1][0;39m [34mINFO [0;39m o.a.coyote.http11.Http11Processor.log - Error parsing HTTP request header
 Note: further occurrences of HTTP request parsing errors will be logged at DEBUG level.
java.lang.IllegalArgumentException: Invalid character found in method name [0x160x030x010x020x000x010x000x010xfc0x030x0300xee0xa7~o0x92^0xa70xf2,0xef0xbbs0x12+0xa50xa40xd90xe80xcb(*[0x9b0x170xbb0xcd!0x0f0x83PZ]. HTTP method names must be tokens
	at org.apache.coyote.http11.Http11InputBuffer.parseRequestLine(Http11InputBuffer.java:418)
	at org.apache.coyote.http11.Http11Processor.service(Http11Processor.java:260)
	at org.apache.coyote.AbstractProcessorLight.process(AbstractProcessorLight.java:65)
	at org.apache.coyote.AbstractProtocol$ConnectionHandler.process(AbstractProtocol.java:868)
	at org.apache.tomcat.util.net.NioEndpoint$SocketProcessor.doRun(NioEndpoint.java:1590)
	at org.apache.tomcat.util.net.SocketProcessorBase.run(SocketProcessorBase.java:49)
	at java.base/java.util.concurrent.ThreadPoolExecutor.runWorker(ThreadPoolExecutor.java:1128)
	at java.base/java.util.concurrent.ThreadPoolExecutor$Worker.run(ThreadPoolExecutor.java:628)
	at org.apache.tomcat.util.threads.TaskThread$WrappingRunnable.run(TaskThread.java:61)
	at java.base/java.lang.Thread.run(Thread.java:834)
28-09-2020 22:43:41.456 [35m[SpringContextShutdownHook][0;39m [34mINFO [0;39m o.s.s.c.ThreadPoolTaskExecutor.shutdown - Shutting down ExecutorService 'applicationTaskExecutor'
28-09-2020 22:45:20.005 [35m[main][0;39m [34mINFO [0;39m i.f.tasks.taskapi.Application.logStarting - Starting Application on francesco-HP-Laptop-15s-fq0xxx with PID 11523 (/home/francesco/workspace/tasks/task-api/build/libs/task-api-1.0-SNAPSHOT.jar started by francesco in /home/francesco/workspace/tasks)
28-09-2020 22:45:20.005 [35m[main][0;39m [34mINFO [0;39m i.f.tasks.taskapi.Application.logStarting - Starting Application on francesco-HP-Laptop-15s-fq0xxx with PID 11523 (/home/francesco/workspace/tasks/task-api/build/libs/task-api-1.0-SNAPSHOT.jar started by francesco in /home/francesco/workspace/tasks)
28-09-2020 22:45:20.010 [35m[main][0;39m [39mDEBUG[0;39m i.f.tasks.taskapi.Application.logStarting - Running with Spring Boot v2.3.1.RELEASE, Spring v5.2.7.RELEASE
28-09-2020 22:45:20.010 [35m[main][0;39m [39mDEBUG[0;39m i.f.tasks.taskapi.Application.logStarting - Running with Spring Boot v2.3.1.RELEASE, Spring v5.2.7.RELEASE
28-09-2020 22:45:20.010 [35m[main][0;39m [34mINFO [0;39m i.f.tasks.taskapi.Application.logStartupProfileInfo - The following profiles are active: dev
28-09-2020 22:45:20.010 [35m[main][0;39m [34mINFO [0;39m i.f.tasks.taskapi.Application.logStartupProfileInfo - The following profiles are active: dev
28-09-2020 22:45:20.103 [35m[main][0;39m [34mINFO [0;39m o.s.b.d.e.DevToolsPropertyDefaultsPostProcessor.logTo - For additional web related logging consider setting the 'logging.level.web' property to 'DEBUG'
28-09-2020 22:45:20.846 [35m[main][0;39m [34mINFO [0;39m o.s.d.r.c.RepositoryConfigurationDelegate.registerRepositoriesIn - Bootstrapping Spring Data MongoDB repositories in DEFAULT mode.
28-09-2020 22:45:20.906 [35m[main][0;39m [34mINFO [0;39m o.s.d.r.c.RepositoryConfigurationDelegate.registerRepositoriesIn - Finished Spring Data repository scanning in 55ms. Found 1 MongoDB repository interfaces.
28-09-2020 22:45:21.743 [35m[main][0;39m [34mINFO [0;39m o.s.b.w.e.tomcat.TomcatWebServer.initialize - Tomcat initialized with port(s): 8081 (http)
28-09-2020 22:45:21.754 [35m[main][0;39m [34mINFO [0;39m o.a.coyote.http11.Http11NioProtocol.log - Initializing ProtocolHandler ["http-nio-8081"]
28-09-2020 22:45:21.754 [35m[main][0;39m [34mINFO [0;39m o.a.catalina.core.StandardService.log - Starting service [Tomcat]
28-09-2020 22:45:21.754 [35m[main][0;39m [34mINFO [0;39m o.a.catalina.core.StandardEngine.log - Starting Servlet engine: [Apache Tomcat/9.0.36]
28-09-2020 22:45:21.819 [35m[main][0;39m [34mINFO [0;39m o.a.c.c.C.[.[localhost].[/tasks-api].log - Initializing Spring embedded WebApplicationContext
28-09-2020 22:45:21.820 [35m[main][0;39m [34mINFO [0;39m o.s.b.w.s.c.ServletWebServerApplicationContext.prepareWebApplicationContext - Root WebApplicationContext: initialization completed in 1716 ms
28-09-2020 22:45:22.066 [35m[main][0;39m [34mINFO [0;39m org.mongodb.driver.cluster.info - Cluster created with settings {hosts=[localhost:27017], mode=SINGLE, requiredClusterType=UNKNOWN, serverSelectionTimeout='30000 ms'}
28-09-2020 22:45:22.127 [35m[cluster-ClusterId{value='5f72597281d5652dfda2a0c8', description='null'}-localhost:27017][0;39m [34mINFO [0;39m org.mongodb.driver.connection.info - Opened connection [connectionId{localValue:1, serverValue:2}] to localhost:27017
28-09-2020 22:45:22.134 [35m[cluster-ClusterId{value='5f72597281d5652dfda2a0c8', description='null'}-localhost:27017][0;39m [34mINFO [0;39m org.mongodb.driver.cluster.info - Monitor thread successfully connected to server with description ServerDescription{address=localhost:27017, type=STANDALONE, state=CONNECTED, ok=true, minWireVersion=0, maxWireVersion=8, maxDocumentSize=16777216, logicalSessionTimeoutMinutes=30, roundTripTimeNanos=2986965}
28-09-2020 22:45:22.374 [35m[main][0;39m [34mINFO [0;39m o.m.p.jms.JmsPoolConnectionFactory.setConnectionFactory - Provided ConnectionFactory implementation is JMS 2.0+ capable.
28-09-2020 22:45:22.734 [35m[main][0;39m [34mINFO [0;39m o.s.s.c.ThreadPoolTaskExecutor.initialize - Initializing ExecutorService 'applicationTaskExecutor'
28-09-2020 22:45:23.617 [35m[main][0;39m [34mINFO [0;39m o.s.s.web.DefaultSecurityFilterChain.<init> - Creating filter chain: any request, [org.springframework.security.web.context.request.async.WebAsyncManagerIntegrationFilter@7bebcd65, org.springframework.security.web.context.SecurityContextPersistenceFilter@15f8701f, org.springframework.security.web.header.HeaderWriterFilter@670ce331, org.springframework.security.web.authentication.logout.LogoutFilter@338cc75f, org.springframework.security.web.authentication.www.BasicAuthenticationFilter@7b78ed6a, org.springframework.security.web.savedrequest.RequestCacheAwareFilter@11d4dbd6, org.springframework.security.web.servletapi.SecurityContextHolderAwareRequestFilter@390877d2, org.springframework.security.web.authentication.AnonymousAuthenticationFilter@47447ccf, org.springframework.security.web.session.SessionManagementFilter@3effd4f3, org.springframework.security.web.access.ExceptionTranslationFilter@213c3543, org.springframework.security.web.access.intercept.FilterSecurityInterceptor@4da9f723]
28-09-2020 22:45:23.667 [35m[main][0;39m [34mINFO [0;39m o.a.coyote.http11.Http11NioProtocol.log - Starting ProtocolHandler ["http-nio-8081"]
28-09-2020 22:45:23.699 [35m[main][0;39m [34mINFO [0;39m o.s.b.w.e.tomcat.TomcatWebServer.start - Tomcat started on port(s): 8081 (http) with context path '/tasks-api'
28-09-2020 22:45:24.025 [35m[main][0;39m [34mINFO [0;39m i.f.tasks.taskapi.Application.logStarted - Started Application in 4.578 seconds (JVM running for 5.258)
28-09-2020 22:45:24.025 [35m[main][0;39m [34mINFO [0;39m i.f.tasks.taskapi.Application.logStarted - Started Application in 4.578 seconds (JVM running for 5.258)
28-09-2020 22:45:25.093 [35m[main][0;39m [34mINFO [0;39m i.f.tasks.taskexecutor.Application.logStarting - Starting Application on francesco-HP-Laptop-15s-fq0xxx with PID 11885 (/home/francesco/workspace/tasks/task-executor/build/libs/task-executor-1.0-SNAPSHOT.jar started by francesco in /home/francesco/workspace/tasks)
28-09-2020 22:45:25.093 [35m[main][0;39m [34mINFO [0;39m i.f.tasks.taskexecutor.Application.logStarting - Starting Application on francesco-HP-Laptop-15s-fq0xxx with PID 11885 (/home/francesco/workspace/tasks/task-executor/build/libs/task-executor-1.0-SNAPSHOT.jar started by francesco in /home/francesco/workspace/tasks)
28-09-2020 22:45:25.095 [35m[main][0;39m [39mDEBUG[0;39m i.f.tasks.taskexecutor.Application.logStarting - Running with Spring Boot v2.3.1.RELEASE, Spring v5.2.7.RELEASE
28-09-2020 22:45:25.095 [35m[main][0;39m [39mDEBUG[0;39m i.f.tasks.taskexecutor.Application.logStarting - Running with Spring Boot v2.3.1.RELEASE, Spring v5.2.7.RELEASE
28-09-2020 22:45:25.096 [35m[main][0;39m [34mINFO [0;39m i.f.tasks.taskexecutor.Application.logStartupProfileInfo - The following profiles are active: dev
28-09-2020 22:45:25.096 [35m[main][0;39m [34mINFO [0;39m i.f.tasks.taskexecutor.Application.logStartupProfileInfo - The following profiles are active: dev
28-09-2020 22:45:25.161 [35m[main][0;39m [34mINFO [0;39m o.s.b.d.e.DevToolsPropertyDefaultsPostProcessor.logTo - For additional web related logging consider setting the 'logging.level.web' property to 'DEBUG'
28-09-2020 22:45:25.988 [35m[main][0;39m [34mINFO [0;39m o.s.d.r.c.RepositoryConfigurationDelegate.registerRepositoriesIn - Bootstrapping Spring Data JPA repositories in DEFERRED mode.
28-09-2020 22:45:26.071 [35m[main][0;39m [34mINFO [0;39m o.s.d.r.c.RepositoryConfigurationDelegate.registerRepositoriesIn - Finished Spring Data repository scanning in 74ms. Found 2 JPA repository interfaces.
28-09-2020 22:45:26.791 [35m[main][0;39m [34mINFO [0;39m o.s.b.w.e.tomcat.TomcatWebServer.initialize - Tomcat initialized with port(s): 8082 (http)
28-09-2020 22:45:26.801 [35m[main][0;39m [34mINFO [0;39m o.a.coyote.http11.Http11NioProtocol.log - Initializing ProtocolHandler ["http-nio-8082"]
28-09-2020 22:45:26.801 [35m[main][0;39m [34mINFO [0;39m o.a.catalina.core.StandardService.log - Starting service [Tomcat]
28-09-2020 22:45:26.801 [35m[main][0;39m [34mINFO [0;39m o.a.catalina.core.StandardEngine.log - Starting Servlet engine: [Apache Tomcat/9.0.36]
28-09-2020 22:45:26.867 [35m[main][0;39m [34mINFO [0;39m o.a.c.c.C.[.[.[/tasks-executor].log - Initializing Spring embedded WebApplicationContext
28-09-2020 22:45:26.868 [35m[main][0;39m [34mINFO [0;39m o.s.b.w.s.c.ServletWebServerApplicationContext.prepareWebApplicationContext - Root WebApplicationContext: initialization completed in 1706 ms
28-09-2020 22:45:27.028 [35m[main][0;39m [34mINFO [0;39m o.s.s.c.ThreadPoolTaskExecutor.initialize - Initializing ExecutorService 'applicationTaskExecutor'
28-09-2020 22:45:27.036 [35m[main][0;39m [34mINFO [0;39m com.zaxxer.hikari.HikariDataSource.getConnection - HikariPool-1 - Starting...
28-09-2020 22:45:27.340 [35m[main][0;39m [34mINFO [0;39m com.zaxxer.hikari.HikariDataSource.getConnection - HikariPool-1 - Start completed.
28-09-2020 22:45:27.393 [35m[task-1][0;39m [34mINFO [0;39m o.h.jpa.internal.util.LogHelper.logPersistenceUnitInformation - HHH000204: Processing PersistenceUnitInfo [name: default]
28-09-2020 22:45:27.461 [35m[task-1][0;39m [34mINFO [0;39m org.hibernate.Version.logVersion - HHH000412: Hibernate ORM core version 5.4.17.Final
28-09-2020 22:45:27.585 [35m[main][0;39m [34mINFO [0;39m o.m.p.jms.JmsPoolConnectionFactory.setConnectionFactory - Provided ConnectionFactory implementation is JMS 2.0+ capable.
28-09-2020 22:45:27.672 [35m[task-1][0;39m [34mINFO [0;39m o.h.annotations.common.Version.<clinit> - HCANN000001: Hibernate Commons Annotations {5.1.0.Final}
28-09-2020 22:45:27.728 [35m[main][0;39m [31mWARN [0;39m o.s.b.a.o.j.JpaBaseConfiguration$JpaWebConfiguration.openEntityManagerInViewInterceptor - spring.jpa.open-in-view is enabled by default. Therefore, database queries may be performed during view rendering. Explicitly configure spring.jpa.open-in-view to disable this warning
28-09-2020 22:45:27.793 [35m[task-1][0;39m [34mINFO [0;39m org.hibernate.dialect.Dialect.<init> - HHH000400: Using dialect: org.hibernate.dialect.MySQLDialect
28-09-2020 22:45:28.735 [35m[task-1][0;39m [34mINFO [0;39m o.h.e.t.j.p.i.JtaPlatformInitiator.initiateService - HHH000490: Using JtaPlatform implementation: [org.hibernate.engine.transaction.jta.platform.internal.NoJtaPlatform]
28-09-2020 22:45:28.743 [35m[task-1][0;39m [34mINFO [0;39m o.s.o.j.LocalContainerEntityManagerFactoryBean.buildNativeEntityManagerFactory - Initialized JPA EntityManagerFactory for persistence unit 'default'
28-09-2020 22:45:28.781 [35m[main][0;39m [31mWARN [0;39m o.s.b.a.batch.JpaBatchConfigurer.determineIsolationLevel - JPA does not support custom isolation levels, so locks may not be taken when launching Jobs
28-09-2020 22:45:28.785 [35m[main][0;39m [34mINFO [0;39m o.s.b.c.r.s.JobRepositoryFactoryBean.afterPropertiesSet - No database type set, using meta data indicating: MYSQL
28-09-2020 22:45:28.808 [35m[main][0;39m [34mINFO [0;39m o.s.b.c.l.support.SimpleJobLauncher.afterPropertiesSet - No TaskExecutor has been set, defaulting to synchronous executor.
28-09-2020 22:45:28.986 [35m[main][0;39m [34mINFO [0;39m o.s.s.web.DefaultSecurityFilterChain.<init> - Creating filter chain: any request, [org.springframework.security.web.context.request.async.WebAsyncManagerIntegrationFilter@544e8149, org.springframework.security.web.context.SecurityContextPersistenceFilter@4fa9ab6, org.springframework.security.web.header.HeaderWriterFilter@31c628e7, org.springframework.security.web.authentication.logout.LogoutFilter@79e66b2f, org.springframework.security.web.authentication.www.BasicAuthenticationFilter@19a64eae, org.springframework.security.web.savedrequest.RequestCacheAwareFilter@a2341c6, org.springframework.security.web.servletapi.SecurityContextHolderAwareRequestFilter@74e6094b, org.springframework.security.web.authentication.AnonymousAuthenticationFilter@7fb66650, org.springframework.security.web.session.SessionManagementFilter@885e7ff, org.springframework.security.web.access.ExceptionTranslationFilter@1e1e9ef3, org.springframework.security.web.access.intercept.FilterSecurityInterceptor@1b1c538d]
28-09-2020 22:45:29.033 [35m[main][0;39m [34mINFO [0;39m o.a.coyote.http11.Http11NioProtocol.log - Starting ProtocolHandler ["http-nio-8082"]
28-09-2020 22:45:29.054 [35m[main][0;39m [34mINFO [0;39m o.s.b.w.e.tomcat.TomcatWebServer.start - Tomcat started on port(s): 8082 (http) with context path '/tasks-executor'
28-09-2020 22:45:29.243 [35m[main][0;39m [34mINFO [0;39m o.s.d.r.c.DeferredRepositoryInitializationListener.onApplicationEvent - Triggering deferred initialization of Spring Data repositories…
28-09-2020 22:45:29.559 [35m[main][0;39m [34mINFO [0;39m o.s.d.r.c.DeferredRepositoryInitializationListener.onApplicationEvent - Spring Data repositories initialized!
28-09-2020 22:45:29.566 [35m[main][0;39m [34mINFO [0;39m i.f.tasks.taskexecutor.Application.logStarted - Started Application in 4.896 seconds (JVM running for 5.503)
28-09-2020 22:45:29.566 [35m[main][0;39m [34mINFO [0;39m i.f.tasks.taskexecutor.Application.logStarted - Started Application in 4.896 seconds (JVM running for 5.503)
28-09-2020 22:45:40.797 [35m[http-nio-8081-exec-1][0;39m [34mINFO [0;39m o.a.coyote.http11.Http11Processor.log - Error parsing HTTP request header
 Note: further occurrences of HTTP request parsing errors will be logged at DEBUG level.
java.lang.IllegalArgumentException: Invalid character found in method name [0x160x030x010x020x000x010x000x010xfc0x030x030xd0w0xac0xb10xf00x15^,0xfc_d]0xeb]0x7fl0x1e4S$0xbb0xfc90xf4!0x019H/0x900xc2z]. HTTP method names must be tokens
	at org.apache.coyote.http11.Http11InputBuffer.parseRequestLine(Http11InputBuffer.java:418)
	at org.apache.coyote.http11.Http11Processor.service(Http11Processor.java:260)
	at org.apache.coyote.AbstractProcessorLight.process(AbstractProcessorLight.java:65)
	at org.apache.coyote.AbstractProtocol$ConnectionHandler.process(AbstractProtocol.java:868)
	at org.apache.tomcat.util.net.NioEndpoint$SocketProcessor.doRun(NioEndpoint.java:1590)
	at org.apache.tomcat.util.net.SocketProcessorBase.run(SocketProcessorBase.java:49)
	at java.base/java.util.concurrent.ThreadPoolExecutor.runWorker(ThreadPoolExecutor.java:1128)
	at java.base/java.util.concurrent.ThreadPoolExecutor$Worker.run(ThreadPoolExecutor.java:628)
	at org.apache.tomcat.util.threads.TaskThread$WrappingRunnable.run(TaskThread.java:61)
	at java.base/java.lang.Thread.run(Thread.java:834)
28-09-2020 22:46:18.384 [35m[http-nio-8081-exec-2][0;39m [34mINFO [0;39m o.a.c.c.C.[.[localhost].[/tasks-api].log - Initializing Spring DispatcherServlet 'dispatcherServlet'
28-09-2020 22:46:18.384 [35m[http-nio-8081-exec-2][0;39m [34mINFO [0;39m o.s.web.servlet.DispatcherServlet.initServletBean - Initializing Servlet 'dispatcherServlet'
28-09-2020 22:46:18.394 [35m[http-nio-8081-exec-2][0;39m [34mINFO [0;39m o.s.web.servlet.DispatcherServlet.initServletBean - Completed initialization in 10 ms
28-09-2020 22:46:21.327 [35m[http-nio-8081-exec-10][0;39m [34mINFO [0;39m o.s.api.AbstractOpenApiResource.getOpenApi - Init duration for springdoc-openapi is: 344 ms
28-09-2020 22:46:41.059 [35m[http-nio-8082-exec-1][0;39m [34mINFO [0;39m o.a.c.c.C.[.[.[/tasks-executor].log - Initializing Spring DispatcherServlet 'dispatcherServlet'
28-09-2020 22:46:41.060 [35m[http-nio-8082-exec-1][0;39m [34mINFO [0;39m o.s.web.servlet.DispatcherServlet.initServletBean - Initializing Servlet 'dispatcherServlet'
28-09-2020 22:46:41.070 [35m[http-nio-8082-exec-1][0;39m [34mINFO [0;39m o.s.web.servlet.DispatcherServlet.initServletBean - Completed initialization in 10 ms
28-09-2020 22:46:58.956 [35m[http-nio-8082-exec-10][0;39m [34mINFO [0;39m o.s.api.AbstractOpenApiResource.getOpenApi - Init duration for springdoc-openapi is: 357 ms
28-09-2020 22:47:53.377 [35m[http-nio-8081-exec-6][0;39m [39mDEBUG[0;39m i.f.tasks.taskapi.web.api.TasksApi.createTask - REST request to save Task : TaskDto{description='description', type='SHORT'}
28-09-2020 22:47:53.377 [35m[http-nio-8081-exec-6][0;39m [39mDEBUG[0;39m i.f.tasks.taskapi.web.api.TasksApi.createTask - REST request to save Task : TaskDto{description='description', type='SHORT'}
28-09-2020 22:47:53.378 [35m[http-nio-8081-exec-6][0;39m [39mDEBUG[0;39m i.f.t.t.service.impl.TaskServiceImpl.create - Request to create Task : TaskDto{description='description', type='SHORT'}
28-09-2020 22:47:53.378 [35m[http-nio-8081-exec-6][0;39m [39mDEBUG[0;39m i.f.t.t.service.impl.TaskServiceImpl.create - Request to create Task : TaskDto{description='description', type='SHORT'}
28-09-2020 22:47:53.584 [35m[http-nio-8081-exec-6][0;39m [34mINFO [0;39m org.mongodb.driver.connection.info - Opened connection [connectionId{localValue:2, serverValue:3}] to localhost:27017
28-09-2020 22:47:53.720 [35m[http-nio-8081-exec-6][0;39m [34mINFO [0;39m i.f.t.t.jms.impl.TaskExecutorImpl.send - Producer Message 1 Sent to QUEUE_REQUEST
28-09-2020 22:47:53.720 [35m[http-nio-8081-exec-6][0;39m [34mINFO [0;39m i.f.t.t.jms.impl.TaskExecutorImpl.send - Producer Message 1 Sent to QUEUE_REQUEST
28-09-2020 22:47:53.736 [35m[DefaultMessageListenerContainer-1][0;39m [34mINFO [0;39m i.f.t.taskexecutor.jms.TaskListener.receiveMessage - Receiver Message ActiveMQTextMessage {commandId = 5, responseRequired = false, messageId = ID:francesco-HP-Laptop-15s-fq0xxx-41547-1601329523747-1:2:1:1:1, originalDestination = null, originalTransactionId = null, producerId = ID:francesco-HP-Laptop-15s-fq0xxx-41547-1601329523747-1:2:1:1, destination = queue://QUEUE_REQUEST, transactionId = null, expiration = 0, timestamp = 1601329673706, arrival = 0, brokerInTime = 1601329673707, brokerOutTime = 1601329673721, correlationId = null, replyTo = null, persistent = true, type = null, priority = 4, groupID = null, groupSequence = 0, targetConsumerId = null, compressed = false, userID = null, content = org.apache.activemq.util.ByteSequence@3ad8fb4d, marshalledProperties = org.apache.activemq.util.ByteSequence@7e88a00d, dataStructure = null, redeliveryCounter = 0, size = 0, properties = {__AMQ_CID=ID:francesco-HP-Laptop-15s-fq0xxx-41547-1601329523747-0:2, it.francescofiora.tasks.message.MessageDto=it.francescofiora.tasks.message.MessageDtoRequestImpl}, readOnlyProperties = true, readOnlyBody = true, droppable = false, jmsXGroupFirstForConsumer = false, text = {"taskId":1,"type":"SHORT","parameters":{"name":"value"}}}
28-09-2020 22:47:53.736 [35m[DefaultMessageListenerContainer-1][0;39m [34mINFO [0;39m i.f.t.taskexecutor.jms.TaskListener.receiveMessage - Receiver Message ActiveMQTextMessage {commandId = 5, responseRequired = false, messageId = ID:francesco-HP-Laptop-15s-fq0xxx-41547-1601329523747-1:2:1:1:1, originalDestination = null, originalTransactionId = null, producerId = ID:francesco-HP-Laptop-15s-fq0xxx-41547-1601329523747-1:2:1:1, destination = queue://QUEUE_REQUEST, transactionId = null, expiration = 0, timestamp = 1601329673706, arrival = 0, brokerInTime = 1601329673707, brokerOutTime = 1601329673721, correlationId = null, replyTo = null, persistent = true, type = null, priority = 4, groupID = null, groupSequence = 0, targetConsumerId = null, compressed = false, userID = null, content = org.apache.activemq.util.ByteSequence@3ad8fb4d, marshalledProperties = org.apache.activemq.util.ByteSequence@7e88a00d, dataStructure = null, redeliveryCounter = 0, size = 0, properties = {__AMQ_CID=ID:francesco-HP-Laptop-15s-fq0xxx-41547-1601329523747-0:2, it.francescofiora.tasks.message.MessageDto=it.francescofiora.tasks.message.MessageDtoRequestImpl}, readOnlyProperties = true, readOnlyBody = true, droppable = false, jmsXGroupFirstForConsumer = false, text = {"taskId":1,"type":"SHORT","parameters":{"name":"value"}}}
28-09-2020 22:47:53.745 [35m[DefaultMessageListenerContainer-1][0;39m [39mDEBUG[0;39m i.f.t.taskexecutor.jms.TaskListener.receiveMessage - Validated Message JmsEvent {request=MessageDtoRequestImpl [parameters={name=value}, type=SHORT, taskId=1], jmsMessageId=ID:francesco-HP-Laptop-15s-fq0xxx-41547-1601329523747-1:2:1:1:1, timestamp=1601329673706}
28-09-2020 22:47:53.745 [35m[DefaultMessageListenerContainer-1][0;39m [39mDEBUG[0;39m i.f.t.taskexecutor.jms.TaskListener.receiveMessage - Validated Message JmsEvent {request=MessageDtoRequestImpl [parameters={name=value}, type=SHORT, taskId=1], jmsMessageId=ID:francesco-HP-Laptop-15s-fq0xxx-41547-1601329523747-1:2:1:1:1, timestamp=1601329673706}
28-09-2020 22:47:53.746 [35m[DefaultMessageListenerContainer-1][0;39m [34mINFO [0;39m i.f.t.t.jms.impl.StrategyManagerImpl.exec - Executor - SHORT
28-09-2020 22:47:53.746 [35m[DefaultMessageListenerContainer-1][0;39m [34mINFO [0;39m i.f.t.t.jms.impl.StrategyManagerImpl.exec - Executor - SHORT
28-09-2020 22:47:53.849 [35m[DefaultMessageListenerContainer-1][0;39m [34mINFO [0;39m o.s.b.c.l.support.SimpleJobLauncher.run - Job: [SimpleJob: [name=SHORT]] launched with the following parameters: [{JmsMessageId=ID:francesco-HP-Laptop-15s-fq0xxx-41547-1601329523747-1:2:1:1:1, taskType=SHORT, taskRef=1, messageCreated=1601329673706, jobType=SHORT, name=value}]
28-09-2020 22:47:53.959 [35m[DefaultMessageListenerContainer-1][0;39m [34mINFO [0;39m o.s.batch.core.job.SimpleStepHandler.handleStep - Executing step: [saveDbStep]
28-09-2020 22:47:53.996 [35m[DefaultMessageListenerContainer-1][0;39m [34mINFO [0;39m i.f.t.t.tasklet.SaveDbTasklet.execute - SaveDbTasklet.execute() id:1
28-09-2020 22:47:53.996 [35m[DefaultMessageListenerContainer-1][0;39m [34mINFO [0;39m i.f.t.t.tasklet.SaveDbTasklet.execute - SaveDbTasklet.execute() id:1
28-09-2020 22:47:54.010 [35m[DefaultMessageListenerContainer-1][0;39m [39mDEBUG[0;39m i.f.t.t.service.impl.TaskServiceImpl.findByTaskRef - Request to find a Task : 1
28-09-2020 22:47:54.010 [35m[DefaultMessageListenerContainer-1][0;39m [39mDEBUG[0;39m i.f.t.t.service.impl.TaskServiceImpl.findByTaskRef - Request to find a Task : 1
28-09-2020 22:47:54.224 [35m[DefaultMessageListenerContainer-1][0;39m [39mDEBUG[0;39m i.f.t.t.service.impl.TaskServiceImpl.save - Request to save a Task : Task [id=null, jmsMessageId=ID:francesco-HP-Laptop-15s-fq0xxx-41547-1601329523747-1:2:1:1:1, jobName=SHORT, taskType=SHORT, messageCreated=2020-09-28 22:47:53.706, taskRef=1, result = null]
28-09-2020 22:47:54.224 [35m[DefaultMessageListenerContainer-1][0;39m [39mDEBUG[0;39m i.f.t.t.service.impl.TaskServiceImpl.save - Request to save a Task : Task [id=null, jmsMessageId=ID:francesco-HP-Laptop-15s-fq0xxx-41547-1601329523747-1:2:1:1:1, jobName=SHORT, taskType=SHORT, messageCreated=2020-09-28 22:47:53.706, taskRef=1, result = null]
28-09-2020 22:47:54.308 [35m[DefaultMessageListenerContainer-1][0;39m [34mINFO [0;39m o.s.batch.core.step.AbstractStep.execute - Step: [saveDbStep] executed in 348ms
28-09-2020 22:47:54.343 [35m[DefaultMessageListenerContainer-1][0;39m [34mINFO [0;39m o.s.batch.core.job.SimpleStepHandler.handleStep - Executing step: [shortStep]
28-09-2020 22:47:54.352 [35m[DefaultMessageListenerContainer-1][0;39m [34mINFO [0;39m i.f.t.t.tasklet.ShortTasklet.execute - ShortTasklet.execute() id:1
28-09-2020 22:47:54.352 [35m[DefaultMessageListenerContainer-1][0;39m [34mINFO [0;39m i.f.t.t.tasklet.ShortTasklet.execute - ShortTasklet.execute() id:1
28-09-2020 22:47:54.452 [35m[DefaultMessageListenerContainer-1][0;39m [39mDEBUG[0;39m i.f.t.t.service.impl.TaskServiceImpl.save - Request to save a Task : Task [id=1, jmsMessageId=ID:francesco-HP-Laptop-15s-fq0xxx-41547-1601329523747-1:2:1:1:1, jobName=SHORT, taskType=SHORT, messageCreated=2020-09-28 22:47:53.706, taskRef=1, result = Task Terminated]
28-09-2020 22:47:54.452 [35m[DefaultMessageListenerContainer-1][0;39m [39mDEBUG[0;39m i.f.t.t.service.impl.TaskServiceImpl.save - Request to save a Task : Task [id=1, jmsMessageId=ID:francesco-HP-Laptop-15s-fq0xxx-41547-1601329523747-1:2:1:1:1, jobName=SHORT, taskType=SHORT, messageCreated=2020-09-28 22:47:53.706, taskRef=1, result = Task Terminated]
28-09-2020 22:47:54.503 [35m[DefaultMessageListenerContainer-1][0;39m [34mINFO [0;39m o.s.batch.core.step.AbstractStep.execute - Step: [shortStep] executed in 160ms
28-09-2020 22:47:54.535 [35m[DefaultMessageListenerContainer-1][0;39m [34mINFO [0;39m o.s.batch.core.job.SimpleStepHandler.handleStep - Executing step: [sendMsgStep]
28-09-2020 22:47:54.544 [35m[DefaultMessageListenerContainer-1][0;39m [34mINFO [0;39m i.f.t.t.tasklet.SendMsgTasklet.execute - SendMsgTasklet.execute() id:1
28-09-2020 22:47:54.544 [35m[DefaultMessageListenerContainer-1][0;39m [34mINFO [0;39m i.f.t.t.tasklet.SendMsgTasklet.execute - SendMsgTasklet.execute() id:1
28-09-2020 22:47:54.550 [35m[DefaultMessageListenerContainer-1][0;39m [34mINFO [0;39m i.f.t.t.jms.impl.TaskResponderImpl.send - Producer Message 1 Sent to QUEUE_RESPONSE
28-09-2020 22:47:54.550 [35m[DefaultMessageListenerContainer-1][0;39m [34mINFO [0;39m i.f.t.t.jms.impl.TaskResponderImpl.send - Producer Message 1 Sent to QUEUE_RESPONSE
28-09-2020 22:47:54.560 [35m[DefaultMessageListenerContainer-1][0;39m [34mINFO [0;39m o.s.batch.core.step.AbstractStep.execute - Step: [sendMsgStep] executed in 25ms
28-09-2020 22:47:54.575 [35m[DefaultMessageListenerContainer-1][0;39m [34mINFO [0;39m o.s.b.c.l.support.SimpleJobLauncher.run - Job: [SimpleJob: [name=SHORT]] completed with the following parameters: [{JmsMessageId=ID:francesco-HP-Laptop-15s-fq0xxx-41547-1601329523747-1:2:1:1:1, taskType=SHORT, taskRef=1, messageCreated=1601329673706, jobType=SHORT, name=value}] and the following status: [COMPLETED] in 675ms
28-09-2020 22:47:54.575 [35m[DefaultMessageListenerContainer-1][0;39m [39mDEBUG[0;39m i.f.t.taskexecutor.jms.TaskListener.receiveMessage - Executed Message JmsEvent {request=MessageDtoRequestImpl [parameters={name=value}, type=SHORT, taskId=1], jmsMessageId=ID:francesco-HP-Laptop-15s-fq0xxx-41547-1601329523747-1:2:1:1:1, timestamp=1601329673706}
28-09-2020 22:47:54.575 [35m[DefaultMessageListenerContainer-1][0;39m [39mDEBUG[0;39m i.f.t.taskexecutor.jms.TaskListener.receiveMessage - Executed Message JmsEvent {request=MessageDtoRequestImpl [parameters={name=value}, type=SHORT, taskId=1], jmsMessageId=ID:francesco-HP-Laptop-15s-fq0xxx-41547-1601329523747-1:2:1:1:1, timestamp=1601329673706}
28-09-2020 22:47:54.586 [35m[DefaultMessageListenerContainer-1][0;39m [34mINFO [0;39m i.f.tasks.taskapi.jms.TaskListener.receiveMessage - Receiver Message ActiveMQTextMessage {commandId = 7, responseRequired = false, messageId = ID:francesco-HP-Laptop-15s-fq0xxx-46317-1601329529102-1:1:1:1:1, originalDestination = null, originalTransactionId = null, producerId = ID:francesco-HP-Laptop-15s-fq0xxx-46317-1601329529102-1:1:1:1, destination = queue://QUEUE_RESPONSE, transactionId = null, expiration = 0, timestamp = 1601329674550, arrival = 0, brokerInTime = 1601329674551, brokerOutTime = 1601329674580, correlationId = null, replyTo = null, persistent = true, type = null, priority = 4, groupID = null, groupSequence = 0, targetConsumerId = null, compressed = false, userID = null, content = org.apache.activemq.util.ByteSequence@3dc88691, marshalledProperties = org.apache.activemq.util.ByteSequence@6c51f8e2, dataStructure = null, redeliveryCounter = 0, size = 0, properties = {__AMQ_CID=ID:francesco-HP-Laptop-15s-fq0xxx-46317-1601329529102-0:1, it.francescofiora.tasks.message.MessageDto=it.francescofiora.tasks.message.MessageDtoResponseImpl}, readOnlyProperties = true, readOnlyBody = true, droppable = false, jmsXGroupFirstForConsumer = false, text = {"taskId":1,"type":"SHORT","status":"TERMINAT...Terminated"}}
28-09-2020 22:47:54.586 [35m[DefaultMessageListenerContainer-1][0;39m [34mINFO [0;39m i.f.tasks.taskapi.jms.TaskListener.receiveMessage - Receiver Message ActiveMQTextMessage {commandId = 7, responseRequired = false, messageId = ID:francesco-HP-Laptop-15s-fq0xxx-46317-1601329529102-1:1:1:1:1, originalDestination = null, originalTransactionId = null, producerId = ID:francesco-HP-Laptop-15s-fq0xxx-46317-1601329529102-1:1:1:1, destination = queue://QUEUE_RESPONSE, transactionId = null, expiration = 0, timestamp = 1601329674550, arrival = 0, brokerInTime = 1601329674551, brokerOutTime = 1601329674580, correlationId = null, replyTo = null, persistent = true, type = null, priority = 4, groupID = null, groupSequence = 0, targetConsumerId = null, compressed = false, userID = null, content = org.apache.activemq.util.ByteSequence@3dc88691, marshalledProperties = org.apache.activemq.util.ByteSequence@6c51f8e2, dataStructure = null, redeliveryCounter = 0, size = 0, properties = {__AMQ_CID=ID:francesco-HP-Laptop-15s-fq0xxx-46317-1601329529102-0:1, it.francescofiora.tasks.message.MessageDto=it.francescofiora.tasks.message.MessageDtoResponseImpl}, readOnlyProperties = true, readOnlyBody = true, droppable = false, jmsXGroupFirstForConsumer = false, text = {"taskId":1,"type":"SHORT","status":"TERMINAT...Terminated"}}
28-09-2020 22:47:54.588 [35m[DefaultMessageListenerContainer-1][0;39m [39mDEBUG[0;39m i.f.tasks.taskapi.jms.TaskListener.receiveMessage - Validated Message JmsEvent {response=MessageDtoResponseImpl {status=TERMINATED, result=Task Terminated, type=SHORT, taskId=1}, jmsMessageId=ID:francesco-HP-Laptop-15s-fq0xxx-46317-1601329529102-1:1:1:1:1, timestamp=1601329674550}
28-09-2020 22:47:54.588 [35m[DefaultMessageListenerContainer-1][0;39m [39mDEBUG[0;39m i.f.tasks.taskapi.jms.TaskListener.receiveMessage - Validated Message JmsEvent {response=MessageDtoResponseImpl {status=TERMINATED, result=Task Terminated, type=SHORT, taskId=1}, jmsMessageId=ID:francesco-HP-Laptop-15s-fq0xxx-46317-1601329529102-1:1:1:1:1, timestamp=1601329674550}
28-09-2020 22:47:54.588 [35m[DefaultMessageListenerContainer-1][0;39m [34mINFO [0;39m i.f.t.t.jms.impl.StrategyManagerImpl.exec - Response - message: ID:francesco-HP-Laptop-15s-fq0xxx-46317-1601329529102-1:1:1:1:1; task: 1
28-09-2020 22:47:54.588 [35m[DefaultMessageListenerContainer-1][0;39m [34mINFO [0;39m i.f.t.t.jms.impl.StrategyManagerImpl.exec - Response - message: ID:francesco-HP-Laptop-15s-fq0xxx-46317-1601329529102-1:1:1:1:1; task: 1
28-09-2020 22:47:54.589 [35m[DefaultMessageListenerContainer-1][0;39m [39mDEBUG[0;39m i.f.t.t.service.impl.TaskServiceImpl.response - Response Task : MessageDtoResponseImpl {status=TERMINATED, result=Task Terminated, type=SHORT, taskId=1}
28-09-2020 22:47:54.589 [35m[DefaultMessageListenerContainer-1][0;39m [39mDEBUG[0;39m i.f.t.t.service.impl.TaskServiceImpl.response - Response Task : MessageDtoResponseImpl {status=TERMINATED, result=Task Terminated, type=SHORT, taskId=1}
28-09-2020 22:47:54.614 [35m[DefaultMessageListenerContainer-1][0;39m [39mDEBUG[0;39m i.f.tasks.taskapi.jms.TaskListener.receiveMessage - Executed Message JmsEvent {response=MessageDtoResponseImpl {status=TERMINATED, result=Task Terminated, type=SHORT, taskId=1}, jmsMessageId=ID:francesco-HP-Laptop-15s-fq0xxx-46317-1601329529102-1:1:1:1:1, timestamp=1601329674550}
28-09-2020 22:47:54.614 [35m[DefaultMessageListenerContainer-1][0;39m [39mDEBUG[0;39m i.f.tasks.taskapi.jms.TaskListener.receiveMessage - Executed Message JmsEvent {response=MessageDtoResponseImpl {status=TERMINATED, result=Task Terminated, type=SHORT, taskId=1}, jmsMessageId=ID:francesco-HP-Laptop-15s-fq0xxx-46317-1601329529102-1:1:1:1:1, timestamp=1601329674550}
28-09-2020 22:48:01.027 [35m[http-nio-8082-exec-5][0;39m [39mDEBUG[0;39m i.f.t.t.web.api.TaskExecutorApi.getAllTasks - REST request to get a page of Tasks
28-09-2020 22:48:01.027 [35m[http-nio-8082-exec-5][0;39m [39mDEBUG[0;39m i.f.t.t.web.api.TaskExecutorApi.getAllTasks - REST request to get a page of Tasks
28-09-2020 22:48:01.029 [35m[http-nio-8082-exec-5][0;39m [39mDEBUG[0;39m i.f.t.t.service.impl.TaskServiceImpl.findAll - Request to get all Tasks
28-09-2020 22:48:01.029 [35m[http-nio-8082-exec-5][0;39m [39mDEBUG[0;39m i.f.t.t.service.impl.TaskServiceImpl.findAll - Request to get all Tasks
28-09-2020 22:48:01.048 [35m[http-nio-8082-exec-5][0;39m [1;31mERROR[0;39m o.a.c.c.C.[.[.[.[dispatcherServlet].log - Servlet.service() for servlet [dispatcherServlet] in context with path [/tasks-executor] threw exception [Request processing failed; nested exception is org.springframework.data.mapping.PropertyReferenceException: No property string found for type Task!] with root cause
org.springframework.data.mapping.PropertyReferenceException: No property string found for type Task!
	at org.springframework.data.mapping.PropertyPath.<init>(PropertyPath.java:94)
	at org.springframework.data.mapping.PropertyPath.create(PropertyPath.java:382)
	at org.springframework.data.mapping.PropertyPath.create(PropertyPath.java:358)
	at org.springframework.data.mapping.PropertyPath.lambda$from$0(PropertyPath.java:311)
	at java.base/java.util.concurrent.ConcurrentMap.computeIfAbsent(ConcurrentMap.java:330)
	at org.springframework.data.mapping.PropertyPath.from(PropertyPath.java:293)
	at org.springframework.data.mapping.PropertyPath.from(PropertyPath.java:276)
	at org.springframework.data.jpa.repository.query.QueryUtils.toJpaOrder(QueryUtils.java:607)
	at org.springframework.data.jpa.repository.query.QueryUtils.toOrders(QueryUtils.java:560)
	at org.springframework.data.jpa.repository.support.SimpleJpaRepository.getQuery(SimpleJpaRepository.java:697)
	at org.springframework.data.jpa.repository.support.SimpleJpaRepository.getQuery(SimpleJpaRepository.java:651)
	at org.springframework.data.jpa.repository.support.SimpleJpaRepository.findAll(SimpleJpaRepository.java:443)
	at org.springframework.data.jpa.repository.support.SimpleJpaRepository.findAll(SimpleJpaRepository.java:410)
	at java.base/jdk.internal.reflect.NativeMethodAccessorImpl.invoke0(Native Method)
	at java.base/jdk.internal.reflect.NativeMethodAccessorImpl.invoke(NativeMethodAccessorImpl.java:62)
	at java.base/jdk.internal.reflect.DelegatingMethodAccessorImpl.invoke(DelegatingMethodAccessorImpl.java:43)
	at java.base/java.lang.reflect.Method.invoke(Method.java:566)
	at org.springframework.data.repository.core.support.ImplementationInvocationMetadata.invoke(ImplementationInvocationMetadata.java:72)
	at org.springframework.data.repository.core.support.RepositoryComposition$RepositoryFragments.invoke(RepositoryComposition.java:382)
	at org.springframework.data.repository.core.support.RepositoryComposition.invoke(RepositoryComposition.java:205)
	at org.springframework.data.repository.core.support.RepositoryFactorySupport$ImplementationMethodExecutionInterceptor.invoke(RepositoryFactorySupport.java:549)
	at org.springframework.aop.framework.ReflectiveMethodInvocation.proceed(ReflectiveMethodInvocation.java:186)
	at org.springframework.data.repository.core.support.QueryExecutorMethodInterceptor.doInvoke(QueryExecutorMethodInterceptor.java:155)
	at org.springframework.data.repository.core.support.QueryExecutorMethodInterceptor.invoke(QueryExecutorMethodInterceptor.java:130)
	at org.springframework.aop.framework.ReflectiveMethodInvocation.proceed(ReflectiveMethodInvocation.java:186)
	at org.springframework.data.projection.DefaultMethodInvokingMethodInterceptor.invoke(DefaultMethodInvokingMethodInterceptor.java:80)
	at org.springframework.aop.framework.ReflectiveMethodInvocation.proceed(ReflectiveMethodInvocation.java:186)
	at org.springframework.transaction.interceptor.TransactionAspectSupport.invokeWithinTransaction(TransactionAspectSupport.java:367)
	at org.springframework.transaction.interceptor.TransactionInterceptor.invoke(TransactionInterceptor.java:118)
	at org.springframework.aop.framework.ReflectiveMethodInvocation.proceed(ReflectiveMethodInvocation.java:186)
	at org.springframework.dao.support.PersistenceExceptionTranslationInterceptor.invoke(PersistenceExceptionTranslationInterceptor.java:139)
	at org.springframework.aop.framework.ReflectiveMethodInvocation.proceed(ReflectiveMethodInvocation.java:186)
	at org.springframework.data.jpa.repository.support.CrudMethodMetadataPostProcessor$CrudMethodMetadataPopulatingMethodInterceptor.invoke(CrudMethodMetadataPostProcessor.java:178)
	at org.springframework.aop.framework.ReflectiveMethodInvocation.proceed(ReflectiveMethodInvocation.java:186)
	at org.springframework.aop.interceptor.ExposeInvocationInterceptor.invoke(ExposeInvocationInterceptor.java:95)
	at org.springframework.aop.framework.ReflectiveMethodInvocation.proceed(ReflectiveMethodInvocation.java:186)
	at org.springframework.aop.framework.JdkDynamicAopProxy.invoke(JdkDynamicAopProxy.java:212)
	at com.sun.proxy.$Proxy145.findAll(Unknown Source)
	at java.base/jdk.internal.reflect.NativeMethodAccessorImpl.invoke0(Native Method)
	at java.base/jdk.internal.reflect.NativeMethodAccessorImpl.invoke(NativeMethodAccessorImpl.java:62)
	at java.base/jdk.internal.reflect.DelegatingMethodAccessorImpl.invoke(DelegatingMethodAccessorImpl.java:43)
	at java.base/java.lang.reflect.Method.invoke(Method.java:566)
	at org.springframework.aop.support.AopUtils.invokeJoinpointUsingReflection(AopUtils.java:344)
	at org.springframework.aop.framework.JdkDynamicAopProxy.invoke(JdkDynamicAopProxy.java:205)
	at com.sun.proxy.$Proxy96.findAll(Unknown Source)
	at it.francescofiora.tasks.taskexecutor.service.impl.TaskServiceImpl.findAll(TaskServiceImpl.java:65)
	at it.francescofiora.tasks.taskexecutor.service.impl.TaskServiceImpl$$FastClassBySpringCGLIB$$3465709d.invoke(<generated>)
	at org.springframework.cglib.proxy.MethodProxy.invoke(MethodProxy.java:218)
	at org.springframework.aop.framework.CglibAopProxy$CglibMethodInvocation.invokeJoinpoint(CglibAopProxy.java:771)
	at org.springframework.aop.framework.ReflectiveMethodInvocation.proceed(ReflectiveMethodInvocation.java:163)
	at org.springframework.aop.framework.CglibAopProxy$CglibMethodInvocation.proceed(CglibAopProxy.java:749)
	at org.springframework.transaction.interceptor.TransactionAspectSupport.invokeWithinTransaction(TransactionAspectSupport.java:367)
	at org.springframework.transaction.interceptor.TransactionInterceptor.invoke(TransactionInterceptor.java:118)
	at org.springframework.aop.framework.ReflectiveMethodInvocation.proceed(ReflectiveMethodInvocation.java:186)
	at org.springframework.aop.framework.CglibAopProxy$CglibMethodInvocation.proceed(CglibAopProxy.java:749)
	at org.springframework.aop.framework.CglibAopProxy$DynamicAdvisedInterceptor.intercept(CglibAopProxy.java:691)
	at it.francescofiora.tasks.taskexecutor.service.impl.TaskServiceImpl$$EnhancerBySpringCGLIB$$d98ddc3b.findAll(<generated>)
	at it.francescofiora.tasks.taskexecutor.web.api.TaskExecutorApi.getAllTasks(TaskExecutorApi.java:71)
	at java.base/jdk.internal.reflect.NativeMethodAccessorImpl.invoke0(Native Method)
	at java.base/jdk.internal.reflect.NativeMethodAccessorImpl.invoke(NativeMethodAccessorImpl.java:62)
	at java.base/jdk.internal.reflect.DelegatingMethodAccessorImpl.invoke(DelegatingMethodAccessorImpl.java:43)
	at java.base/java.lang.reflect.Method.invoke(Method.java:566)
	at org.springframework.web.method.support.InvocableHandlerMethod.doInvoke(InvocableHandlerMethod.java:190)
	at org.springframework.web.method.support.InvocableHandlerMethod.invokeForRequest(InvocableHandlerMethod.java:138)
	at org.springframework.web.servlet.mvc.method.annotation.ServletInvocableHandlerMethod.invokeAndHandle(ServletInvocableHandlerMethod.java:105)
	at org.springframework.web.servlet.mvc.method.annotation.RequestMappingHandlerAdapter.invokeHandlerMethod(RequestMappingHandlerAdapter.java:879)
	at org.springframework.web.servlet.mvc.method.annotation.RequestMappingHandlerAdapter.handleInternal(RequestMappingHandlerAdapter.java:793)
	at org.springframework.web.servlet.mvc.method.AbstractHandlerMethodAdapter.handle(AbstractHandlerMethodAdapter.java:87)
	at org.springframework.web.servlet.DispatcherServlet.doDispatch(DispatcherServlet.java:1040)
	at org.springframework.web.servlet.DispatcherServlet.doService(DispatcherServlet.java:943)
	at org.springframework.web.servlet.FrameworkServlet.processRequest(FrameworkServlet.java:1006)
	at org.springframework.web.servlet.FrameworkServlet.doGet(FrameworkServlet.java:898)
	at javax.servlet.http.HttpServlet.service(HttpServlet.java:634)
	at org.springframework.web.servlet.FrameworkServlet.service(FrameworkServlet.java:883)
	at javax.servlet.http.HttpServlet.service(HttpServlet.java:741)
	at org.apache.catalina.core.ApplicationFilterChain.internalDoFilter(ApplicationFilterChain.java:231)
	at org.apache.catalina.core.ApplicationFilterChain.doFilter(ApplicationFilterChain.java:166)
	at org.apache.tomcat.websocket.server.WsFilter.doFilter(WsFilter.java:53)
	at org.apache.catalina.core.ApplicationFilterChain.internalDoFilter(ApplicationFilterChain.java:193)
	at org.apache.catalina.core.ApplicationFilterChain.doFilter(ApplicationFilterChain.java:166)
	at org.springframework.security.web.FilterChainProxy$VirtualFilterChain.doFilter(FilterChainProxy.java:320)
	at org.springframework.security.web.access.intercept.FilterSecurityInterceptor.invoke(FilterSecurityInterceptor.java:126)
	at org.springframework.security.web.access.intercept.FilterSecurityInterceptor.doFilter(FilterSecurityInterceptor.java:90)
	at org.springframework.security.web.FilterChainProxy$VirtualFilterChain.doFilter(FilterChainProxy.java:334)
	at org.springframework.security.web.access.ExceptionTranslationFilter.doFilter(ExceptionTranslationFilter.java:118)
	at org.springframework.security.web.FilterChainProxy$VirtualFilterChain.doFilter(FilterChainProxy.java:334)
	at org.springframework.security.web.session.SessionManagementFilter.doFilter(SessionManagementFilter.java:137)
	at org.springframework.security.web.FilterChainProxy$VirtualFilterChain.doFilter(FilterChainProxy.java:334)
	at org.springframework.security.web.authentication.AnonymousAuthenticationFilter.doFilter(AnonymousAuthenticationFilter.java:111)
	at org.springframework.security.web.FilterChainProxy$VirtualFilterChain.doFilter(FilterChainProxy.java:334)
	at org.springframework.security.web.servletapi.SecurityContextHolderAwareRequestFilter.doFilter(SecurityContextHolderAwareRequestFilter.java:158)
	at org.springframework.security.web.FilterChainProxy$VirtualFilterChain.doFilter(FilterChainProxy.java:334)
	at org.springframework.security.web.savedrequest.RequestCacheAwareFilter.doFilter(RequestCacheAwareFilter.java:63)
	at org.springframework.security.web.FilterChainProxy$VirtualFilterChain.doFilter(FilterChainProxy.java:334)
	at org.springframework.security.web.authentication.www.BasicAuthenticationFilter.doFilterInternal(BasicAuthenticationFilter.java:204)
	at org.springframework.web.filter.OncePerRequestFilter.doFilter(OncePerRequestFilter.java:119)
	at org.springframework.security.web.FilterChainProxy$VirtualFilterChain.doFilter(FilterChainProxy.java:334)
	at org.springframework.security.web.authentication.logout.LogoutFilter.doFilter(LogoutFilter.java:116)
	at org.springframework.security.web.FilterChainProxy$VirtualFilterChain.doFilter(FilterChainProxy.java:334)
	at org.springframework.security.web.header.HeaderWriterFilter.doHeadersAfter(HeaderWriterFilter.java:92)
	at org.springframework.security.web.header.HeaderWriterFilter.doFilterInternal(HeaderWriterFilter.java:77)
	at org.springframework.web.filter.OncePerRequestFilter.doFilter(OncePerRequestFilter.java:119)
	at org.springframework.security.web.FilterChainProxy$VirtualFilterChain.doFilter(FilterChainProxy.java:334)
	at org.springframework.security.web.context.SecurityContextPersistenceFilter.doFilter(SecurityContextPersistenceFilter.java:105)
	at org.springframework.security.web.FilterChainProxy$VirtualFilterChain.doFilter(FilterChainProxy.java:334)
	at org.springframework.security.web.context.request.async.WebAsyncManagerIntegrationFilter.doFilterInternal(WebAsyncManagerIntegrationFilter.java:56)
	at org.springframework.web.filter.OncePerRequestFilter.doFilter(OncePerRequestFilter.java:119)
	at org.springframework.security.web.FilterChainProxy$VirtualFilterChain.doFilter(FilterChainProxy.java:334)
	at org.springframework.security.web.FilterChainProxy.doFilterInternal(FilterChainProxy.java:215)
	at org.springframework.security.web.FilterChainProxy.doFilter(FilterChainProxy.java:178)
	at org.springframework.web.filter.DelegatingFilterProxy.invokeDelegate(DelegatingFilterProxy.java:358)
	at org.springframework.web.filter.DelegatingFilterProxy.doFilter(DelegatingFilterProxy.java:271)
	at org.apache.catalina.core.ApplicationFilterChain.internalDoFilter(ApplicationFilterChain.java:193)
	at org.apache.catalina.core.ApplicationFilterChain.doFilter(ApplicationFilterChain.java:166)
	at org.springframework.web.filter.RequestContextFilter.doFilterInternal(RequestContextFilter.java:100)
	at org.springframework.web.filter.OncePerRequestFilter.doFilter(OncePerRequestFilter.java:119)
	at org.apache.catalina.core.ApplicationFilterChain.internalDoFilter(ApplicationFilterChain.java:193)
	at org.apache.catalina.core.ApplicationFilterChain.doFilter(ApplicationFilterChain.java:166)
	at org.springframework.web.filter.FormContentFilter.doFilterInternal(FormContentFilter.java:93)
	at org.springframework.web.filter.OncePerRequestFilter.doFilter(OncePerRequestFilter.java:119)
	at org.apache.catalina.core.ApplicationFilterChain.internalDoFilter(ApplicationFilterChain.java:193)
	at org.apache.catalina.core.ApplicationFilterChain.doFilter(ApplicationFilterChain.java:166)
	at org.springframework.web.filter.CharacterEncodingFilter.doFilterInternal(CharacterEncodingFilter.java:201)
	at org.springframework.web.filter.OncePerRequestFilter.doFilter(OncePerRequestFilter.java:119)
	at org.apache.catalina.core.ApplicationFilterChain.internalDoFilter(ApplicationFilterChain.java:193)
	at org.apache.catalina.core.ApplicationFilterChain.doFilter(ApplicationFilterChain.java:166)
	at org.apache.catalina.core.StandardWrapperValve.invoke(StandardWrapperValve.java:202)
	at org.apache.catalina.core.StandardContextValve.invoke(StandardContextValve.java:96)
	at org.apache.catalina.authenticator.AuthenticatorBase.invoke(AuthenticatorBase.java:541)
	at org.apache.catalina.core.StandardHostValve.invoke(StandardHostValve.java:139)
	at org.apache.catalina.valves.ErrorReportValve.invoke(ErrorReportValve.java:92)
	at org.apache.catalina.core.StandardEngineValve.invoke(StandardEngineValve.java:74)
	at org.apache.catalina.connector.CoyoteAdapter.service(CoyoteAdapter.java:343)
	at org.apache.coyote.http11.Http11Processor.service(Http11Processor.java:373)
	at org.apache.coyote.AbstractProcessorLight.process(AbstractProcessorLight.java:65)
	at org.apache.coyote.AbstractProtocol$ConnectionHandler.process(AbstractProtocol.java:868)
	at org.apache.tomcat.util.net.NioEndpoint$SocketProcessor.doRun(NioEndpoint.java:1590)
	at org.apache.tomcat.util.net.SocketProcessorBase.run(SocketProcessorBase.java:49)
	at java.base/java.util.concurrent.ThreadPoolExecutor.runWorker(ThreadPoolExecutor.java:1128)
	at java.base/java.util.concurrent.ThreadPoolExecutor$Worker.run(ThreadPoolExecutor.java:628)
	at org.apache.tomcat.util.threads.TaskThread$WrappingRunnable.run(TaskThread.java:61)
	at java.base/java.lang.Thread.run(Thread.java:834)
28-09-2020 22:48:10.330 [35m[http-nio-8082-exec-9][0;39m [39mDEBUG[0;39m i.f.t.t.web.api.TaskExecutorApi.getAllTasks - REST request to get a page of Tasks
28-09-2020 22:48:10.330 [35m[http-nio-8082-exec-9][0;39m [39mDEBUG[0;39m i.f.t.t.web.api.TaskExecutorApi.getAllTasks - REST request to get a page of Tasks
28-09-2020 22:48:10.332 [35m[http-nio-8082-exec-9][0;39m [39mDEBUG[0;39m i.f.t.t.service.impl.TaskServiceImpl.findAll - Request to get all Tasks
28-09-2020 22:48:10.332 [35m[http-nio-8082-exec-9][0;39m [39mDEBUG[0;39m i.f.t.t.service.impl.TaskServiceImpl.findAll - Request to get all Tasks
28-09-2020 22:48:24.929 [35m[http-nio-8081-exec-5][0;39m [39mDEBUG[0;39m i.f.tasks.taskapi.web.api.TasksApi.getAllTasks - REST request to get a page of Tasks
28-09-2020 22:48:24.929 [35m[http-nio-8081-exec-5][0;39m [39mDEBUG[0;39m i.f.tasks.taskapi.web.api.TasksApi.getAllTasks - REST request to get a page of Tasks
28-09-2020 22:48:24.929 [35m[http-nio-8081-exec-5][0;39m [39mDEBUG[0;39m i.f.t.t.service.impl.TaskServiceImpl.findAll - Request to get all Tasks
28-09-2020 22:48:24.929 [35m[http-nio-8081-exec-5][0;39m [39mDEBUG[0;39m i.f.t.t.service.impl.TaskServiceImpl.findAll - Request to get all Tasks
28-09-2020 22:57:29.824 [35m[SpringContextShutdownHook][0;39m [34mINFO [0;39m o.s.s.c.ThreadPoolTaskExecutor.shutdown - Shutting down ExecutorService 'applicationTaskExecutor'
28-09-2020 22:57:29.866 [35m[SpringContextShutdownHook][0;39m [34mINFO [0;39m org.mongodb.driver.connection.info - Closed connection [connectionId{localValue:2, serverValue:3}] to localhost:27017 because the pool has been closed.
28-09-2020 22:57:33.799 [35m[SpringContextShutdownHook][0;39m [34mINFO [0;39m o.s.o.j.LocalContainerEntityManagerFactoryBean.destroy - Closing JPA EntityManagerFactory for persistence unit 'default'
28-09-2020 22:57:33.800 [35m[SpringContextShutdownHook][0;39m [34mINFO [0;39m o.s.s.c.ThreadPoolTaskExecutor.shutdown - Shutting down ExecutorService 'applicationTaskExecutor'
28-09-2020 22:57:33.802 [35m[SpringContextShutdownHook][0;39m [34mINFO [0;39m com.zaxxer.hikari.HikariDataSource.close - HikariPool-1 - Shutdown initiated...
28-09-2020 22:57:33.809 [35m[SpringContextShutdownHook][0;39m [34mINFO [0;39m com.zaxxer.hikari.HikariDataSource.close - HikariPool-1 - Shutdown completed.
